TN:
SF:src/components/AgendaView.tsx
FN:47,(anonymous_0)
FN:220,(anonymous_1)
FN:224,(anonymous_2)
FN:227,(anonymous_3)
FN:230,(anonymous_4)
FN:233,(anonymous_5)
FN:236,(anonymous_6)
FN:285,(anonymous_7)
FN:303,(anonymous_8)
FN:321,(anonymous_9)
FN:345,(anonymous_10)
FN:349,(anonymous_11)
FN:356,(anonymous_12)
FN:357,(anonymous_13)
FN:358,(anonymous_14)
FN:360,(anonymous_15)
FN:369,(anonymous_16)
FN:371,(anonymous_17)
FN:374,(anonymous_18)
FN:377,(anonymous_19)
FN:382,(anonymous_20)
FN:454,(anonymous_21)
FN:479,(anonymous_22)
FN:500,(anonymous_23)
FN:514,(anonymous_24)
FN:516,(anonymous_25)
FN:49,(anonymous_0)
FN:117,(anonymous_1)
FN:119,(anonymous_2)
FN:122,(anonymous_3)
FN:125,(anonymous_4)
FN:129,(anonymous_5)
FN:157,(anonymous_6)
FN:165,(anonymous_7)
FN:173,(anonymous_8)
FN:183,(anonymous_9)
FN:191,(anonymous_10)
FN:193,(anonymous_11)
FN:195,(anonymous_12)
FN:197,(anonymous_13)
FN:207,(anonymous_14)
FN:210,(anonymous_15)
FN:215,(anonymous_16)
FN:219,(anonymous_17)
FN:226,(anonymous_18)
FN:284,(anonymous_19)
FN:295,(anonymous_20)
FNF:47
FNH:11
FNDA:0,(anonymous_0)
FNDA:0,(anonymous_1)
FNDA:0,(anonymous_2)
FNDA:0,(anonymous_3)
FNDA:0,(anonymous_4)
FNDA:0,(anonymous_5)
FNDA:0,(anonymous_6)
FNDA:0,(anonymous_7)
FNDA:0,(anonymous_8)
FNDA:0,(anonymous_9)
FNDA:0,(anonymous_10)
FNDA:0,(anonymous_11)
FNDA:0,(anonymous_12)
FNDA:0,(anonymous_13)
FNDA:0,(anonymous_14)
FNDA:0,(anonymous_15)
FNDA:0,(anonymous_16)
FNDA:0,(anonymous_17)
FNDA:0,(anonymous_18)
FNDA:0,(anonymous_19)
FNDA:0,(anonymous_20)
FNDA:0,(anonymous_21)
FNDA:0,(anonymous_22)
FNDA:0,(anonymous_23)
FNDA:22,(anonymous_24)
FNDA:0,(anonymous_25)
FNDA:4,(anonymous_0)
FNDA:0,(anonymous_1)
FNDA:0,(anonymous_2)
FNDA:0,(anonymous_3)
FNDA:0,(anonymous_4)
FNDA:0,(anonymous_5)
FNDA:0,(anonymous_6)
FNDA:0,(anonymous_7)
FNDA:0,(anonymous_8)
FNDA:24,(anonymous_9)
FNDA:8,(anonymous_10)
FNDA:8,(anonymous_11)
FNDA:8,(anonymous_12)
FNDA:6,(anonymous_13)
FNDA:0,(anonymous_14)
FNDA:8,(anonymous_15)
FNDA:4,(anonymous_16)
FNDA:2,(anonymous_17)
FNDA:0,(anonymous_18)
FNDA:0,(anonymous_19)
FNDA:2,(anonymous_20)
DA:3,22
DA:6,22
DA:7,22
DA:8,0
DA:12,22
DA:13,22
DA:14,22
DA:15,22
DA:17,22
DA:26,4
DA:29,22
DA:40,22
DA:47,22
DA:48,0
DA:49,4
DA:50,4
DA:51,0
DA:52,4
DA:54,4
DA:117,4
DA:118,0
DA:119,0
DA:120,0
DA:122,0
DA:123,0
DA:125,0
DA:126,0
DA:129,0
DA:130,0
DA:131,0
DA:138,0
DA:157,0
DA:165,0
DA:173,0
DA:183,4
DA:184,24
DA:185,24
DA:186,24
DA:187,24
DA:188,24
DA:191,24
DA:193,24
DA:194,8
DA:196,8
DA:197,8
DA:204,8
DA:208,0
DA:215,24
DA:216,4
DA:219,24
DA:220,22
DA:221,2
DA:223,22
DA:224,22
DA:225,0
DA:226,24
DA:227,0
DA:228,0
DA:230,0
DA:231,0
DA:233,0
DA:234,0
DA:235,0
DA:236,0
DA:237,0
DA:238,0
DA:240,24
DA:244,0
DA:284,0
DA:285,0
DA:295,2
DA:303,0
DA:321,0
DA:345,22
DA:346,0
DA:348,22
DA:349,22
DA:350,0
DA:351,0
DA:352,0
DA:353,0
DA:354,0
DA:355,0
DA:356,0
DA:357,0
DA:358,0
DA:359,0
DA:360,0
DA:367,0
DA:370,0
DA:374,0
DA:375,0
DA:377,0
DA:378,0
DA:379,0
DA:382,0
DA:383,0
DA:391,0
DA:395,0
DA:454,0
DA:479,0
DA:500,22
DA:501,0
DA:503,22
DA:506,22
DA:507,22
DA:508,22
DA:509,22
DA:510,22
DA:511,22
DA:513,22
DA:514,22
DA:515,22
DA:516,22
DA:517,0
DA:518,0
DA:519,0
LF:117
LH:54
BRDA:3,0,0,22
BRDA:3,0,1,0
BRDA:6,1,0,22
BRDA:6,1,1,0
BRDA:6,2,0,22
BRDA:6,2,1,22
BRDA:7,3,0,0
BRDA:7,3,1,22
BRDA:50,4,0,0
BRDA:50,4,1,0
BRDA:111,5,0,0
BRDA:111,5,1,0
BRDA:123,6,0,0
BRDA:123,6,1,0
BRDA:125,7,0,0
BRDA:125,7,1,0
BRDA:141,8,0,0
BRDA:141,8,1,0
BRDA:238,9,0,0
BRDA:238,9,1,0
BRDA:283,10,0,0
BRDA:283,10,1,0
BRDA:301,11,0,0
BRDA:301,11,1,0
BRDA:319,12,0,0
BRDA:319,12,1,0
BRDA:359,13,0,0
BRDA:359,13,1,0
BRDA:362,14,0,0
BRDA:362,14,1,0
BRDA:362,14,2,0
BRDA:378,15,0,0
BRDA:378,15,1,0
BRDA:428,16,0,0
BRDA:428,16,1,0
BRDA:475,17,0,0
BRDA:475,17,1,0
BRDA:509,18,0,22
BRDA:509,18,1,0
BRDA:509,19,0,22
BRDA:509,19,1,22
BRDA:513,20,0,22
BRDA:513,20,1,0
BRDA:513,21,0,22
BRDA:513,21,1,22
BRDA:517,22,0,0
BRDA:517,22,1,0
BRDA:519,23,0,0
BRDA:519,23,1,0
BRDA:52,24,0,0
BRDA:52,24,1,4
BRDA:79,25,0,4
BRDA:79,25,1,0
BRDA:83,26,0,4
BRDA:83,26,1,0
BRDA:83,27,0,4
BRDA:83,27,1,0
BRDA:88,28,0,4
BRDA:88,28,1,0
BRDA:133,29,0,0
BRDA:133,29,1,0
BRDA:155,30,0,0
BRDA:155,30,1,0
BRDA:163,31,0,0
BRDA:163,31,1,0
BRDA:171,32,0,0
BRDA:171,32,1,0
BRDA:196,33,0,8
BRDA:196,33,1,0
BRDA:199,34,0,6
BRDA:199,34,1,0
BRDA:199,34,2,0
BRDA:220,35,0,2
BRDA:220,35,1,0
BRDA:258,36,0,4
BRDA:258,36,1,20
BRDA:291,37,0,24
BRDA:291,37,1,4
BRF:78
BRH:23
end_of_record
TN:
SF:src/components/AppNavbar.tsx
FN:44,(anonymous_0)
FN:52,(anonymous_1)
FN:56,(anonymous_2)
FN:59,(anonymous_3)
FN:60,(anonymous_4)
FN:62,(anonymous_5)
FN:62,(anonymous_6)
FN:150,(anonymous_7)
FN:166,(anonymous_8)
FN:182,(anonymous_9)
FN:235,(anonymous_10)
FN:384,(anonymous_11)
FN:396,(anonymous_12)
FN:398,(anonymous_13)
FN:39,(anonymous_0)
FN:49,(anonymous_1)
FN:54,(anonymous_2)
FN:58,(anonymous_3)
FN:59,(anonymous_4)
FN:62,(anonymous_5)
FN:62,(anonymous_6)
FN:104,(anonymous_7)
FN:112,(anonymous_8)
FN:120,(anonymous_9)
FN:142,(anonymous_10)
FNF:25
FNH:16
FNDA:68,(anonymous_0)
FNDA:1,(anonymous_1)
FNDA:1,(anonymous_2)
FNDA:0,(anonymous_3)
FNDA:0,(anonymous_4)
FNDA:68,(anonymous_5)
FNDA:0,(anonymous_6)
FNDA:42,(anonymous_7)
FNDA:42,(anonymous_8)
FNDA:42,(anonymous_9)
FNDA:0,(anonymous_10)
FNDA:15,(anonymous_11)
FNDA:22,(anonymous_12)
FNDA:0,(anonymous_13)
FNDA:16,(anonymous_0)
FNDA:2,(anonymous_1)
FNDA:0,(anonymous_2)
FNDA:0,(anonymous_3)
FNDA:0,(anonymous_4)
FNDA:16,(anonymous_5)
FNDA:0,(anonymous_6)
FNDA:12,(anonymous_7)
FNDA:12,(anonymous_8)
FNDA:12,(anonymous_9)
FNDA:70,(anonymous_10)
DA:3,22
DA:6,22
DA:7,22
DA:8,0
DA:12,22
DA:13,22
DA:14,22
DA:15,22
DA:17,22
DA:39,2
DA:40,16
DA:41,16
DA:42,16
DA:43,16
DA:44,22
DA:45,68
DA:46,68
DA:47,68
DA:48,68
DA:49,68
DA:50,68
DA:51,68
DA:52,68
DA:53,1
DA:54,16
DA:55,0
DA:56,68
DA:57,1
DA:58,16
DA:59,68
DA:60,0
DA:62,68
DA:63,68
DA:64,16
DA:76,16
DA:94,68
DA:105,12
DA:113,12
DA:121,12
DA:142,70
DA:150,42
DA:166,42
DA:182,42
DA:235,0
DA:384,22
DA:385,15
DA:387,22
DA:390,22
DA:391,22
DA:392,22
DA:393,22
DA:395,22
DA:396,22
DA:397,22
DA:398,22
DA:399,0
DA:400,0
DA:401,0
LF:58
LH:51
BRDA:3,0,0,22
BRDA:3,0,1,0
BRDA:6,1,0,22
BRDA:6,1,1,0
BRDA:6,2,0,22
BRDA:6,2,1,22
BRDA:7,3,0,0
BRDA:7,3,1,22
BRDA:50,4,0,42
BRDA:50,4,1,26
BRDA:63,5,0,42
BRDA:63,5,1,26
BRDA:144,6,0,68
BRDA:144,6,1,42
BRDA:150,7,0,32
BRDA:150,7,1,10
BRDA:166,8,0,0
BRDA:166,8,1,42
BRDA:182,9,0,4
BRDA:182,9,1,38
BRDA:207,10,0,42
BRDA:207,10,1,26
BRDA:391,11,0,22
BRDA:391,11,1,0
BRDA:391,12,0,22
BRDA:391,12,1,22
BRDA:395,13,0,22
BRDA:395,13,1,0
BRDA:395,14,0,22
BRDA:395,14,1,22
BRDA:399,15,0,0
BRDA:399,15,1,0
BRDA:401,16,0,0
BRDA:401,16,1,0
BRDA:45,17,0,12
BRDA:45,17,1,4
BRDA:64,18,0,12
BRDA:64,18,1,4
BRDA:99,19,0,16
BRDA:99,19,1,12
BRDA:105,20,0,6
BRDA:105,20,1,6
BRDA:113,21,0,0
BRDA:113,21,1,12
BRDA:121,22,0,0
BRDA:121,22,1,12
BRDA:136,23,0,12
BRDA:136,23,1,4
BRF:48
BRH:36
end_of_record
TN:
SF:src/components/AppointmentList.tsx
FN:18,(anonymous_0)
FN:34,(anonymous_1)
FN:36,(anonymous_2)
FN:7,(anonymous_0)
FNF:4
FNH:1
FNDA:0,(anonymous_0)
FNDA:22,(anonymous_1)
FNDA:0,(anonymous_2)
FNDA:0,(anonymous_0)
DA:3,22
DA:6,22
DA:7,22
DA:8,0
DA:12,22
DA:13,22
DA:14,22
DA:15,22
DA:18,22
DA:19,0
DA:25,22
DA:28,22
DA:29,22
DA:30,22
DA:31,22
DA:33,22
DA:34,22
DA:35,22
DA:36,22
DA:37,0
DA:38,0
DA:39,0
LF:22
LH:17
BRDA:3,0,0,22
BRDA:3,0,1,0
BRDA:6,1,0,22
BRDA:6,1,1,0
BRDA:6,2,0,22
BRDA:6,2,1,22
BRDA:7,3,0,0
BRDA:7,3,1,22
BRDA:29,4,0,22
BRDA:29,4,1,0
BRDA:29,5,0,22
BRDA:29,5,1,22
BRDA:33,6,0,22
BRDA:33,6,1,0
BRDA:33,7,0,22
BRDA:33,7,1,22
BRDA:37,8,0,0
BRDA:37,8,1,0
BRDA:39,9,0,0
BRDA:39,9,1,0
BRF:20
BRH:11
end_of_record
TN:
SF:src/components/AuthLayout.tsx
FN:19,(anonymous_0)
FN:38,(anonymous_1)
FN:40,(anonymous_2)
FN:4,(anonymous_0)
FNF:4
FNH:3
FNDA:28,(anonymous_0)
FNDA:22,(anonymous_1)
FNDA:0,(anonymous_2)
FNDA:2,(anonymous_0)
DA:3,22
DA:4,2
DA:5,2
DA:6,22
DA:7,22
DA:8,0
DA:12,22
DA:13,22
DA:14,22
DA:15,22
DA:19,22
DA:20,28
DA:30,22
DA:32,22
DA:33,22
DA:34,22
DA:35,22
DA:37,22
DA:38,22
DA:39,22
DA:40,22
DA:41,0
DA:42,0
DA:43,0
LF:24
LH:20
BRDA:3,0,0,22
BRDA:3,0,1,0
BRDA:6,1,0,22
BRDA:6,1,1,0
BRDA:6,2,0,22
BRDA:6,2,1,22
BRDA:7,3,0,0
BRDA:7,3,1,22
BRDA:33,4,0,22
BRDA:33,4,1,0
BRDA:33,5,0,22
BRDA:33,5,1,22
BRDA:37,6,0,22
BRDA:37,6,1,0
BRDA:37,7,0,22
BRDA:37,7,1,22
BRDA:41,8,0,0
BRDA:41,8,1,0
BRDA:43,9,0,0
BRDA:43,9,1,0
BRF:20
BRH:11
end_of_record
TN:
SF:src/components/AuthProvider.tsx
FN:23,(anonymous_0)
FN:25,(anonymous_1)
FN:29,(anonymous_2)
FN:33,(anonymous_3)
FN:57,(anonymous_4)
FN:60,(anonymous_5)
FN:65,(anonymous_6)
FN:74,(anonymous_7)
FN:86,(anonymous_8)
FN:88,(anonymous_9)
FN:15,(anonymous_0)
FN:16,(anonymous_1)
FN:21,(anonymous_2)
FN:26,(anonymous_3)
FN:56,(anonymous_4)
FN:60,(anonymous_5)
FN:66,(anonymous_6)
FN:71,(anonymous_7)
FNF:18
FNH:12
FNDA:0,(anonymous_0)
FNDA:0,(anonymous_1)
FNDA:56,(anonymous_2)
FNDA:14,(anonymous_3)
FNDA:14,(anonymous_4)
FNDA:1,(anonymous_5)
FNDA:56,(anonymous_6)
FNDA:262,(anonymous_7)
FNDA:22,(anonymous_8)
FNDA:0,(anonymous_9)
FNDA:14,(anonymous_0)
FNDA:0,(anonymous_1)
FNDA:0,(anonymous_2)
FNDA:0,(anonymous_3)
FNDA:56,(anonymous_4)
FNDA:56,(anonymous_5)
FNDA:56,(anonymous_6)
FNDA:46,(anonymous_7)
DA:3,22
DA:6,22
DA:7,22
DA:8,0
DA:12,22
DA:13,22
DA:14,22
DA:15,22
DA:17,22
DA:20,22
DA:21,14
DA:22,0
DA:23,0
DA:26,0
DA:27,0
DA:28,0
DA:29,22
DA:30,56
DA:31,56
DA:32,56
DA:33,56
DA:34,14
DA:35,14
DA:36,9
DA:37,9
DA:38,2
DA:39,2
DA:40,2
DA:41,7
DA:42,7
DA:43,7
DA:44,7
DA:46,0
DA:47,0
DA:48,0
DA:49,0
DA:51,4
DA:52,4
DA:53,4
DA:54,4
DA:56,0
DA:57,56
DA:58,14
DA:60,56
DA:61,1
DA:62,1
DA:63,1
DA:65,56
DA:66,56
DA:68,0
DA:71,14
DA:72,46
DA:73,22
DA:74,22
DA:75,262
DA:76,262
DA:78,22
DA:80,22
DA:81,22
DA:82,22
DA:83,22
DA:85,22
DA:86,22
DA:87,22
DA:88,22
DA:89,0
DA:90,0
DA:91,0
LF:68
LH:53
BRDA:3,0,0,22
BRDA:3,0,1,0
BRDA:6,1,0,22
BRDA:6,1,1,0
BRDA:6,2,0,22
BRDA:6,2,1,22
BRDA:7,3,0,0
BRDA:7,3,1,22
BRDA:37,4,0,2
BRDA:37,4,1,7
BRDA:37,5,0,9
BRDA:37,5,1,7
BRDA:41,6,0,7
BRDA:41,6,1,0
BRDA:51,7,0,4
BRDA:51,7,1,0
BRDA:81,8,0,22
BRDA:81,8,1,0
BRDA:81,9,0,22
BRDA:81,9,1,22
BRDA:85,10,0,22
BRDA:85,10,1,0
BRDA:85,11,0,22
BRDA:85,11,1,22
BRDA:89,12,0,0
BRDA:89,12,1,0
BRDA:91,13,0,0
BRDA:91,13,1,0
BRDA:31,14,0,0
BRDA:31,14,1,0
BRDA:31,15,0,0
BRDA:31,15,1,0
BRDA:35,16,0,0
BRDA:35,16,1,0
BRDA:46,17,0,0
BRDA:46,17,1,0
BRF:36
BRH:17
end_of_record
TN:
SF:src/components/AvailabilityEditor.tsx
FN:27,(anonymous_0)
FN:31,(anonymous_1)
FN:32,(anonymous_2)
FN:34,(anonymous_3)
FN:41,(anonymous_4)
FN:54,(anonymous_5)
FN:58,(anonymous_6)
FN:60,(anonymous_7)
FN:60,(anonymous_8)
FN:61,(anonymous_9)
FN:63,(anonymous_10)
FN:65,(anonymous_11)
FN:65,(anonymous_12)
FN:67,(anonymous_13)
FN:70,(anonymous_14)
FN:72,(anonymous_15)
FN:105,(anonymous_16)
FN:202,(anonymous_17)
FN:206,(anonymous_18)
FN:207,(anonymous_19)
FN:207,(anonymous_20)
FN:222,(anonymous_21)
FN:253,(anonymous_22)
FN:255,(anonymous_23)
FN:20,(anonymous_0)
FN:24,(anonymous_1)
FN:26,(anonymous_2)
FN:32,(anonymous_3)
FN:44,(anonymous_4)
FN:59,(anonymous_5)
FN:63,(anonymous_6)
FN:66,(anonymous_7)
FN:66,(anonymous_8)
FN:67,(anonymous_9)
FN:69,(anonymous_10)
FN:73,(anonymous_11)
FN:74,(anonymous_12)
FN:75,(anonymous_13)
FN:79,(anonymous_14)
FN:82,(anonymous_15)
FN:101,(anonymous_16)
FN:147,(anonymous_17)
FN:149,(anonymous_18)
FN:149,(anonymous_19)
FN:168,(anonymous_20)
FNF:45
FNH:29
FNDA:88,(anonymous_0)
FNDA:331,(anonymous_1)
FNDA:4,(anonymous_2)
FNDA:298,(anonymous_3)
FNDA:0,(anonymous_4)
FNDA:0,(anonymous_5)
FNDA:0,(anonymous_6)
FNDA:4,(anonymous_7)
FNDA:0,(anonymous_8)
FNDA:0,(anonymous_9)
FNDA:0,(anonymous_10)
FNDA:8,(anonymous_11)
FNDA:0,(anonymous_12)
FNDA:0,(anonymous_13)
FNDA:0,(anonymous_14)
FNDA:88,(anonymous_15)
FNDA:4,(anonymous_16)
FNDA:2,(anonymous_17)
FNDA:10,(anonymous_18)
FNDA:70,(anonymous_19)
FNDA:0,(anonymous_20)
FNDA:70,(anonymous_21)
FNDA:22,(anonymous_22)
FNDA:0,(anonymous_23)
FNDA:592,(anonymous_0)
FNDA:296,(anonymous_1)
FNDA:4,(anonymous_2)
FNDA:39,(anonymous_3)
FNDA:0,(anonymous_4)
FNDA:2,(anonymous_5)
FNDA:8,(anonymous_6)
FNDA:8,(anonymous_7)
FNDA:0,(anonymous_8)
FNDA:0,(anonymous_9)
FNDA:8,(anonymous_10)
FNDA:16,(anonymous_11)
FNDA:0,(anonymous_12)
FNDA:0,(anonymous_13)
FNDA:88,(anonymous_14)
FNDA:592,(anonymous_15)
FNDA:8,(anonymous_16)
FNDA:84,(anonymous_17)
FNDA:588,(anonymous_18)
FNDA:2,(anonymous_19)
FNDA:588,(anonymous_20)
DA:3,22
DA:6,22
DA:7,22
DA:8,0
DA:12,22
DA:13,22
DA:14,22
DA:15,22
DA:17,22
DA:20,6
DA:21,592
DA:22,592
DA:24,592
DA:26,296
DA:27,22
DA:28,88
DA:29,88
DA:30,88
DA:31,296
DA:32,92
DA:33,35
DA:34,2
DA:40,88
DA:41,88
DA:42,592
DA:43,0
DA:44,592
DA:45,0
DA:46,0
DA:47,0
DA:48,0
DA:49,0
DA:50,0
DA:51,0
DA:53,0
DA:54,88
DA:55,0
DA:56,0
DA:57,0
DA:58,0
DA:59,592
DA:60,88
DA:61,2
DA:62,2
DA:63,92
DA:65,88
DA:66,592
DA:67,0
DA:68,0
DA:69,88
DA:70,0
DA:72,88
DA:73,592
DA:74,88
DA:75,0
DA:76,88
DA:78,0
DA:79,88
DA:82,592
DA:84,592
DA:85,592
DA:88,592
DA:102,8
DA:105,4
DA:147,6
DA:149,588
DA:150,2
DA:151,2
DA:152,2
DA:156,84
DA:166,84
DA:169,588
DA:202,22
DA:203,2
DA:205,22
DA:206,22
DA:207,70
DA:208,0
DA:209,0
DA:210,0
DA:212,10
DA:221,10
DA:222,70
DA:244,22
DA:246,22
DA:247,22
DA:248,22
DA:249,22
DA:250,22
DA:252,22
DA:253,22
DA:254,22
DA:255,22
DA:256,0
DA:257,0
DA:258,0
LF:96
LH:71
BRDA:3,0,0,22
BRDA:3,0,1,0
BRDA:6,1,0,22
BRDA:6,1,1,0
BRDA:6,2,0,22
BRDA:6,2,1,22
BRDA:7,3,0,0
BRDA:7,3,1,22
BRDA:33,4,0,2
BRDA:33,4,1,33
BRDA:33,5,0,35
BRDA:33,5,1,0
BRDA:34,6,0,2
BRDA:34,6,1,0
BRDA:42,7,0,0
BRDA:42,7,1,0
BRDA:43,8,0,0
BRDA:43,8,1,0
BRDA:49,9,0,0
BRDA:49,9,1,0
BRDA:67,10,0,0
BRDA:67,10,1,0
BRDA:183,11,0,88
BRDA:183,11,1,4
BRDA:212,12,0,10
BRDA:212,12,1,0
BRDA:221,13,0,10
BRDA:221,13,1,10
BRDA:248,14,0,22
BRDA:248,14,1,0
BRDA:248,15,0,22
BRDA:248,15,1,22
BRDA:252,16,0,22
BRDA:252,16,1,0
BRDA:252,17,0,22
BRDA:252,17,1,22
BRDA:256,18,0,0
BRDA:256,18,1,0
BRDA:258,19,0,0
BRDA:258,19,1,0
BRDA:31,20,0,4
BRDA:31,20,1,292
BRDA:31,21,0,296
BRDA:31,21,1,12
BRDA:32,22,0,4
BRDA:32,22,1,0
BRDA:45,23,0,0
BRDA:45,23,1,0
BRDA:47,24,0,0
BRDA:47,24,1,0
BRDA:53,25,0,0
BRDA:53,25,1,0
BRDA:76,26,0,0
BRDA:76,26,1,0
BRDA:131,27,0,592
BRDA:131,27,1,6
BRDA:156,28,0,84
BRDA:156,28,1,0
BRDA:167,29,0,84
BRDA:167,29,1,84
BRF:60
BRH:30
end_of_record
TN:
SF:src/components/BookDetails.tsx
FN:23,(anonymous_0)
FN:31,(anonymous_1)
FN:31,(anonymous_2)
FN:140,(anonymous_3)
FN:152,(anonymous_4)
FN:154,(anonymous_5)
FN:19,(anonymous_0)
FN:28,(anonymous_1)
FN:28,(anonymous_2)
FNF:9
FNH:8
FNDA:8,(anonymous_0)
FNDA:24,(anonymous_1)
FNDA:2,(anonymous_2)
FNDA:1,(anonymous_3)
FNDA:22,(anonymous_4)
FNDA:0,(anonymous_5)
FNDA:142,(anonymous_0)
FNDA:426,(anonymous_1)
FNDA:138,(anonymous_2)
DA:3,22
DA:6,22
DA:7,22
DA:8,0
DA:12,22
DA:13,22
DA:14,22
DA:15,22
DA:17,22
DA:19,2
DA:20,142
DA:22,142
DA:23,22
DA:24,8
DA:25,8
DA:26,8
DA:28,426
DA:29,138
DA:30,138
DA:31,24
DA:32,138
DA:33,2
DA:34,2
DA:35,142
DA:36,8
DA:140,22
DA:141,1
DA:143,22
DA:146,22
DA:147,22
DA:148,22
DA:149,22
DA:151,22
DA:152,22
DA:153,22
DA:154,22
DA:155,0
DA:156,0
DA:157,0
LF:39
LH:35
BRDA:3,0,0,22
BRDA:3,0,1,0
BRDA:6,1,0,22
BRDA:6,1,1,0
BRDA:6,2,0,22
BRDA:6,2,1,22
BRDA:7,3,0,0
BRDA:7,3,1,22
BRDA:53,4,0,0
BRDA:53,4,1,8
BRDA:85,5,0,0
BRDA:85,5,1,8
BRDA:118,6,0,0
BRDA:118,6,1,8
BRDA:147,7,0,22
BRDA:147,7,1,0
BRDA:147,8,0,22
BRDA:147,8,1,22
BRDA:151,9,0,22
BRDA:151,9,1,0
BRDA:151,10,0,22
BRDA:151,10,1,22
BRDA:155,11,0,0
BRDA:155,11,1,0
BRDA:157,12,0,0
BRDA:157,12,1,0
BRDA:47,13,0,0
BRDA:47,13,1,142
BRDA:61,14,0,0
BRDA:61,14,1,142
BRDA:76,15,0,0
BRDA:76,15,1,142
BRF:32
BRH:17
end_of_record
TN:
SF:src/components/CalendarSettings.tsx
FN:56,(anonymous_0)
FN:57,(anonymous_1)
FN:88,(anonymous_2)
FN:89,(anonymous_3)
FN:137,(anonymous_4)
FN:179,(anonymous_5)
FN:182,(anonymous_6)
FN:183,(anonymous_7)
FN:199,(anonymous_8)
FN:208,(anonymous_9)
FN:209,(anonymous_10)
FN:211,(anonymous_11)
FN:219,(anonymous_12)
FN:222,(anonymous_13)
FN:328,(anonymous_14)
FN:332,(anonymous_15)
FN:334,(anonymous_16)
FN:335,(anonymous_17)
FN:344,(anonymous_18)
FN:353,(anonymous_19)
FN:354,(anonymous_20)
FN:356,(anonymous_21)
FN:363,(anonymous_22)
FN:366,(anonymous_23)
FN:478,(anonymous_24)
FN:482,(anonymous_25)
FN:495,(anonymous_26)
FN:498,(anonymous_27)
FN:499,(anonymous_28)
FN:505,(anonymous_29)
FN:507,(anonymous_30)
FN:511,(anonymous_31)
FN:516,(anonymous_32)
FN:517,(anonymous_33)
FN:550,(anonymous_34)
FN:565,(anonymous_35)
FN:582,(anonymous_36)
FN:629,(anonymous_37)
FN:644,(anonymous_38)
FN:673,(anonymous_39)
FN:702,(anonymous_40)
FN:731,(anonymous_41)
FN:761,(anonymous_42)
FN:785,(anonymous_43)
FN:829,(anonymous_44)
FN:859,(anonymous_45)
FN:863,(anonymous_46)
FN:870,(anonymous_47)
FN:883,(anonymous_48)
FN:884,(anonymous_49)
FN:887,(anonymous_50)
FN:889,(anonymous_51)
FN:900,(anonymous_52)
FN:902,(anonymous_53)
FN:906,(anonymous_54)
FN:914,(anonymous_55)
FN:916,(anonymous_56)
FN:923,(anonymous_57)
FN:927,(anonymous_58)
FN:934,(anonymous_59)
FN:946,(anonymous_60)
FN:1064,(anonymous_61)
FN:1078,(anonymous_62)
FN:1080,(anonymous_63)
FN:40,(anonymous_0)
FN:41,(anonymous_1)
FN:60,(anonymous_2)
FN:61,(anonymous_3)
FN:81,(anonymous_4)
FN:99,(anonymous_5)
FN:104,(anonymous_6)
FN:105,(anonymous_7)
FN:117,(anonymous_8)
FN:129,(anonymous_9)
FN:130,(anonymous_10)
FN:133,(anonymous_11)
FN:144,(anonymous_12)
FN:148,(anonymous_13)
FN:208,(anonymous_14)
FN:211,(anonymous_15)
FN:212,(anonymous_16)
FN:221,(anonymous_17)
FN:232,(anonymous_18)
FN:233,(anonymous_19)
FN:235,(anonymous_20)
FN:244,(anonymous_21)
FN:248,(anonymous_22)
FN:309,(anonymous_23)
FN:322,(anonymous_24)
FN:327,(anonymous_25)
FN:328,(anonymous_26)
FN:336,(anonymous_27)
FN:339,(anonymous_28)
FN:344,(anonymous_29)
FN:350,(anonymous_30)
FN:351,(anonymous_31)
FN:368,(anonymous_32)
FN:375,(anonymous_33)
FN:381,(anonymous_34)
FN:404,(anonymous_35)
FN:410,(anonymous_36)
FN:420,(anonymous_37)
FN:430,(anonymous_38)
FN:440,(anonymous_39)
FN:451,(anonymous_40)
FN:460,(anonymous_41)
FN:473,(anonymous_42)
FN:482,(anonymous_43)
FN:489,(anonymous_44)
FN:503,(anonymous_45)
FN:505,(anonymous_46)
FN:508,(anonymous_47)
FN:511,(anonymous_48)
FN:525,(anonymous_49)
FN:528,(anonymous_50)
FN:533,(anonymous_51)
FN:543,(anonymous_52)
FN:546,(anonymous_53)
FN:557,(anonymous_54)
FN:562,(anonymous_55)
FN:570,(anonymous_56)
FN:585,(anonymous_57)
FNF:122
FNH:96
FNDA:8,(anonymous_0)
FNDA:152,(anonymous_1)
FNDA:0,(anonymous_2)
FNDA:0,(anonymous_3)
FNDA:0,(anonymous_4)
FNDA:6,(anonymous_5)
FNDA:114,(anonymous_6)
FNDA:6,(anonymous_7)
FNDA:3,(anonymous_8)
FNDA:0,(anonymous_9)
FNDA:1,(anonymous_10)
FNDA:0,(anonymous_11)
FNDA:0,(anonymous_12)
FNDA:40,(anonymous_13)
FNDA:37,(anonymous_14)
FNDA:2,(anonymous_15)
FNDA:38,(anonymous_16)
FNDA:12,(anonymous_17)
FNDA:2,(anonymous_18)
FNDA:0,(anonymous_19)
FNDA:0,(anonymous_20)
FNDA:0,(anonymous_21)
FNDA:0,(anonymous_22)
FNDA:0,(anonymous_23)
FNDA:1,(anonymous_24)
FNDA:40,(anonymous_25)
FNDA:4,(anonymous_26)
FNDA:5,(anonymous_27)
FNDA:3,(anonymous_28)
FNDA:29,(anonymous_29)
FNDA:29,(anonymous_30)
FNDA:28,(anonymous_31)
FNDA:28,(anonymous_32)
FNDA:28,(anonymous_33)
FNDA:1,(anonymous_34)
FNDA:28,(anonymous_35)
FNDA:0,(anonymous_36)
FNDA:1,(anonymous_37)
FNDA:1,(anonymous_38)
FNDA:0,(anonymous_39)
FNDA:1,(anonymous_40)
FNDA:1,(anonymous_41)
FNDA:1,(anonymous_42)
FNDA:1,(anonymous_43)
FNDA:0,(anonymous_44)
FNDA:2,(anonymous_45)
FNDA:24,(anonymous_46)
FNDA:0,(anonymous_47)
FNDA:4,(anonymous_48)
FNDA:4,(anonymous_49)
FNDA:38,(anonymous_50)
FNDA:38,(anonymous_51)
FNDA:0,(anonymous_52)
FNDA:0,(anonymous_53)
FNDA:2,(anonymous_54)
FNDA:4,(anonymous_55)
FNDA:0,(anonymous_56)
FNDA:7,(anonymous_57)
FNDA:3,(anonymous_58)
FNDA:0,(anonymous_59)
FNDA:24,(anonymous_60)
FNDA:2,(anonymous_61)
FNDA:22,(anonymous_62)
FNDA:0,(anonymous_63)
FNDA:112,(anonymous_0)
FNDA:140,(anonymous_1)
FNDA:16,(anonymous_2)
FNDA:168,(anonymous_3)
FNDA:0,(anonymous_4)
FNDA:46,(anonymous_5)
FNDA:202,(anonymous_6)
FNDA:0,(anonymous_7)
FNDA:40,(anonymous_8)
FNDA:0,(anonymous_9)
FNDA:4,(anonymous_10)
FNDA:4,(anonymous_11)
FNDA:12,(anonymous_12)
FNDA:8,(anonymous_13)
FNDA:66,(anonymous_14)
FNDA:90,(anonymous_15)
FNDA:0,(anonymous_16)
FNDA:46,(anonymous_17)
FNDA:0,(anonymous_18)
FNDA:8,(anonymous_19)
FNDA:8,(anonymous_20)
FNDA:14,(anonymous_21)
FNDA:6,(anonymous_22)
FNDA:142,(anonymous_23)
FNDA:34,(anonymous_24)
FNDA:36,(anonymous_25)
FNDA:36,(anonymous_26)
FNDA:4,(anonymous_27)
FNDA:6,(anonymous_28)
FNDA:2,(anonymous_29)
FNDA:4,(anonymous_30)
FNDA:6,(anonymous_31)
FNDA:4,(anonymous_32)
FNDA:30,(anonymous_33)
FNDA:4,(anonymous_34)
FNDA:4,(anonymous_35)
FNDA:4,(anonymous_36)
FNDA:4,(anonymous_37)
FNDA:4,(anonymous_38)
FNDA:4,(anonymous_39)
FNDA:4,(anonymous_40)
FNDA:4,(anonymous_41)
FNDA:2,(anonymous_42)
FNDA:114,(anonymous_43)
FNDA:0,(anonymous_44)
FNDA:68,(anonymous_45)
FNDA:68,(anonymous_46)
FNDA:29,(anonymous_47)
FNDA:28,(anonymous_48)
FNDA:40,(anonymous_49)
FNDA:40,(anonymous_50)
FNDA:40,(anonymous_51)
FNDA:68,(anonymous_52)
FNDA:40,(anonymous_53)
FNDA:100,(anonymous_54)
FNDA:36,(anonymous_55)
FNDA:32,(anonymous_56)
FNDA:114,(anonymous_57)
DA:3,22
DA:6,22
DA:7,22
DA:8,0
DA:12,22
DA:13,22
DA:14,22
DA:15,22
DA:17,22
DA:40,4
DA:41,112
DA:42,140
DA:43,140
DA:45,140
DA:46,0
DA:55,140
DA:56,22
DA:57,8
DA:58,152
DA:59,152
DA:60,152
DA:61,16
DA:74,112
DA:75,0
DA:76,0
DA:82,152
DA:89,0
DA:95,112
DA:99,4
DA:100,46
DA:102,46
DA:104,202
DA:106,0
DA:113,46
DA:114,46
DA:115,46
DA:117,46
DA:118,32
DA:119,4
DA:120,4
DA:121,0
DA:123,4
DA:125,8
DA:126,0
DA:127,0
DA:129,46
DA:130,46
DA:132,46
DA:133,46
DA:134,4
DA:135,4
DA:136,4
DA:137,4
DA:138,0
DA:141,4
DA:143,4
DA:145,4
DA:146,4
DA:149,0
DA:150,0
DA:152,4
DA:155,46
DA:156,0
DA:159,46
DA:172,8
DA:179,22
DA:180,6
DA:181,6
DA:182,114
DA:183,6
DA:196,6
DA:197,6
DA:198,6
DA:199,6
DA:200,3
DA:201,1
DA:202,1
DA:203,1
DA:205,1
DA:208,6
DA:209,66
DA:210,6
DA:211,96
DA:212,0
DA:213,0
DA:214,0
DA:215,0
DA:217,66
DA:218,66
DA:219,66
DA:220,0
DA:221,66
DA:222,40
DA:223,8
DA:224,8
DA:225,0
DA:226,0
DA:227,8
DA:228,6
DA:229,0
DA:232,66
DA:233,66
DA:234,66
DA:235,66
DA:237,8
DA:238,8
DA:239,12
DA:240,12
DA:243,8
DA:245,8
DA:246,8
DA:249,0
DA:250,0
DA:252,8
DA:255,66
DA:256,0
DA:258,66
DA:259,66
DA:260,0
DA:262,66
DA:309,4
DA:310,142
DA:311,142
DA:312,142
DA:320,142
DA:322,142
DA:323,28
DA:327,142
DA:328,36
DA:329,36
DA:330,36
DA:331,22
DA:332,22
DA:333,2
DA:334,142
DA:335,12
DA:336,142
DA:337,4
DA:338,4
DA:340,4
DA:341,4
DA:342,4
DA:343,2
DA:344,2
DA:345,2
DA:346,0
DA:347,0
DA:348,0
DA:350,142
DA:351,6
DA:353,2
DA:354,142
DA:355,2
DA:356,2
DA:357,0
DA:358,0
DA:359,0
DA:360,0
DA:363,0
DA:364,0
DA:365,0
DA:367,0
DA:368,4
DA:370,0
DA:372,2
DA:373,0
DA:376,30
DA:379,2
DA:380,2
DA:381,12
DA:383,2
DA:404,6
DA:410,4
DA:420,4
DA:430,4
DA:440,4
DA:451,4
DA:460,4
DA:473,2
DA:478,22
DA:479,1
DA:481,22
DA:482,22
DA:483,114
DA:484,114
DA:485,114
DA:486,114
DA:487,114
DA:489,114
DA:490,0
DA:491,0
DA:492,0
DA:493,0
DA:494,40
DA:495,40
DA:496,4
DA:498,40
DA:499,5
DA:500,3
DA:501,3
DA:503,114
DA:504,40
DA:505,40
DA:506,28
DA:507,28
DA:508,29
DA:509,28
DA:510,1
DA:511,29
DA:512,0
DA:513,28
DA:514,28
DA:515,0
DA:516,40
DA:517,0
DA:518,28
DA:519,40
DA:520,0
DA:523,28
DA:524,0
DA:526,0
DA:529,0
DA:534,0
DA:535,0
DA:537,0
DA:538,0
DA:542,28
DA:544,28
DA:547,0
DA:550,1
DA:551,114
DA:553,114
DA:554,114
DA:557,114
DA:558,60
DA:559,60
DA:562,114
DA:563,36
DA:564,36
DA:565,36
DA:567,36
DA:568,16
DA:569,16
DA:570,32
DA:571,12
DA:573,4
DA:574,4
DA:578,36
DA:579,4
DA:582,36
DA:585,114
DA:586,114
DA:587,58
DA:593,56
DA:601,114
DA:630,1
DA:631,1
DA:644,1
DA:673,0
DA:702,1
DA:731,1
DA:761,1
DA:785,1
DA:829,0
DA:859,22
DA:860,2
DA:862,22
DA:863,22
DA:864,24
DA:865,24
DA:866,24
DA:867,24
DA:868,24
DA:869,24
DA:870,24
DA:871,0
DA:872,0
DA:873,0
DA:874,0
DA:875,0
DA:876,0
DA:877,0
DA:879,0
DA:880,0
DA:883,24
DA:884,4
DA:885,4
DA:886,4
DA:887,38
DA:888,2
DA:889,38
DA:890,2
DA:891,2
DA:892,0
DA:893,0
DA:895,2
DA:896,0
DA:897,0
DA:899,2
DA:900,0
DA:901,0
DA:903,0
DA:907,2
DA:908,0
DA:910,2
DA:911,2
DA:914,4
DA:915,4
DA:917,0
DA:920,24
DA:921,24
DA:922,24
DA:923,24
DA:924,7
DA:925,7
DA:927,24
DA:928,3
DA:929,3
DA:930,3
DA:931,3
DA:932,3
DA:933,3
DA:934,0
DA:935,0
DA:937,2
DA:938,2
DA:941,2
DA:942,2
DA:944,2
DA:946,24
DA:947,24
DA:948,4
DA:954,20
DA:965,24
DA:1064,22
DA:1065,2
DA:1067,22
DA:1069,22
DA:1070,22
DA:1071,22
DA:1072,22
DA:1073,22
DA:1074,22
DA:1075,22
DA:1077,22
DA:1078,22
DA:1079,22
DA:1080,22
DA:1081,0
DA:1082,0
DA:1083,0
LF:351
LH:272
BRDA:3,0,0,22
BRDA:3,0,1,0
BRDA:6,1,0,22
BRDA:6,1,1,0
BRDA:6,2,0,22
BRDA:6,2,1,22
BRDA:7,3,0,0
BRDA:7,3,1,22
BRDA:56,4,0,2
BRDA:58,5,0,0
BRDA:58,5,1,152
BRDA:59,6,0,64
BRDA:59,6,1,88
BRDA:60,7,0,0
BRDA:60,7,1,152
BRDA:125,8,0,0
BRDA:125,8,1,8
BRDA:181,9,0,6
BRDA:181,9,1,0
BRDA:182,10,0,6
BRDA:182,10,1,0
BRDA:184,11,0,0
BRDA:184,11,1,6
BRDA:189,12,0,0
BRDA:189,12,1,6
BRDA:200,13,0,1
BRDA:200,13,1,2
BRDA:214,14,0,0
BRDA:214,14,1,0
BRDA:228,15,0,0
BRDA:228,15,1,6
BRDA:228,16,0,6
BRDA:228,16,1,6
BRDA:256,17,0,6
BRDA:256,17,1,0
BRDA:256,18,0,6
BRDA:256,18,1,6
BRDA:334,19,0,2
BRDA:334,19,1,0
BRDA:335,20,0,4
BRDA:335,20,1,8
BRDA:345,21,0,0
BRDA:345,21,1,2
BRDA:359,22,0,0
BRDA:359,22,1,0
BRDA:372,23,0,0
BRDA:372,23,1,2
BRDA:372,24,0,2
BRDA:372,24,1,2
BRDA:438,25,0,2
BRDA:438,25,1,0
BRDA:564,26,0,40
BRDA:564,26,1,28
BRDA:572,27,0,28
BRDA:572,27,1,0
BRDA:624,28,0,40
BRDA:624,28,1,0
BRDA:891,29,0,0
BRDA:891,29,1,2
BRDA:891,30,0,2
BRDA:891,30,1,0
BRDA:895,31,0,0
BRDA:895,31,1,2
BRDA:895,32,0,2
BRDA:895,32,1,2
BRDA:895,32,2,0
BRDA:899,33,0,0
BRDA:899,33,1,2
BRDA:907,34,0,0
BRDA:907,34,1,2
BRDA:941,35,0,2
BRDA:941,35,1,0
BRDA:947,36,0,4
BRDA:947,36,1,20
BRDA:966,37,0,24
BRDA:966,37,1,8
BRDA:1019,38,0,24
BRDA:1019,38,1,20
BRDA:1019,38,2,2
BRDA:1073,39,0,22
BRDA:1073,39,1,0
BRDA:1073,40,0,22
BRDA:1073,40,1,22
BRDA:1077,41,0,22
BRDA:1077,41,1,0
BRDA:1077,42,0,22
BRDA:1077,42,1,22
BRDA:1081,43,0,0
BRDA:1081,43,1,0
BRDA:1083,44,0,0
BRDA:1083,44,1,0
BRDA:40,45,0,66
BRDA:42,46,0,28
BRDA:42,46,1,112
BRDA:43,47,0,0
BRDA:43,47,1,140
BRDA:45,48,0,0
BRDA:45,48,1,140
BRDA:74,49,0,0
BRDA:74,49,1,112
BRDA:100,50,0,46
BRDA:100,50,1,0
BRDA:102,51,0,46
BRDA:102,51,1,0
BRDA:107,52,0,0
BRDA:107,52,1,152
BRDA:108,53,0,0
BRDA:108,53,1,0
BRDA:118,54,0,4
BRDA:118,54,1,28
BRDA:136,55,0,4
BRDA:136,55,1,0
BRDA:155,56,0,0
BRDA:155,56,1,46
BRDA:155,57,0,46
BRDA:155,57,1,54
BRDA:170,58,0,0
BRDA:170,58,1,46
BRDA:170,59,0,46
BRDA:170,59,1,46
BRDA:209,60,0,66
BRDA:209,60,1,0
BRDA:213,61,0,0
BRDA:213,61,1,0
BRDA:222,62,0,8
BRDA:222,62,1,32
BRDA:239,63,0,12
BRDA:239,63,1,0
BRDA:255,64,0,0
BRDA:255,64,1,66
BRDA:255,65,0,66
BRDA:255,65,1,66
BRDA:289,66,0,66
BRDA:289,66,1,0
BRDA:373,67,0,142
BRDA:373,67,1,30
BRDA:379,68,0,30
BRDA:379,68,1,0
BRDA:399,69,0,142
BRDA:399,69,1,0
BRDA:514,70,0,0
BRDA:514,70,1,28
BRDA:514,71,0,28
BRDA:514,71,1,28
BRDA:518,72,0,0
BRDA:518,72,1,28
BRDA:518,73,0,28
BRDA:518,73,1,28
BRDA:518,73,2,28
BRDA:523,74,0,0
BRDA:523,74,1,28
BRDA:534,75,0,0
BRDA:534,75,1,0
BRDA:578,76,0,4
BRDA:578,76,1,32
BRDA:586,77,0,58
BRDA:586,77,1,56
BRDA:603,78,0,114
BRDA:603,78,1,8
BRDA:628,79,0,114
BRDA:628,79,1,86
BRDA:628,79,2,30
BRF:162
BRH:103
end_of_record
TN:
SF:src/components/ContactInfo.tsx
FN:23,(anonymous_0)
FN:27,(anonymous_1)
FN:28,(anonymous_2)
FN:32,(anonymous_3)
FN:56,(anonymous_4)
FN:68,(anonymous_5)
FN:70,(anonymous_6)
FN:8,(anonymous_0)
FN:12,(anonymous_1)
FN:13,(anonymous_2)
FN:17,(anonymous_3)
FNF:11
FNH:9
FNDA:12,(anonymous_0)
FNDA:9,(anonymous_1)
FNDA:0,(anonymous_2)
FNDA:7,(anonymous_3)
FNDA:4,(anonymous_4)
FNDA:22,(anonymous_5)
FNDA:0,(anonymous_6)
FNDA:24,(anonymous_0)
FNDA:16,(anonymous_1)
FNDA:14,(anonymous_2)
FNDA:2,(anonymous_3)
DA:3,22
DA:6,22
DA:7,22
DA:8,2
DA:9,24
DA:10,24
DA:12,24
DA:13,22
DA:14,22
DA:15,22
DA:17,22
DA:18,2
DA:22,24
DA:23,22
DA:24,12
DA:25,12
DA:26,12
DA:27,12
DA:28,9
DA:29,0
DA:30,0
DA:33,7
DA:36,12
DA:37,12
DA:39,0
DA:56,22
DA:57,4
DA:59,22
DA:62,22
DA:63,22
DA:64,22
DA:65,22
DA:67,22
DA:68,22
DA:69,22
DA:70,22
DA:71,0
DA:72,0
DA:73,0
LF:39
LH:33
BRDA:3,0,0,22
BRDA:3,0,1,0
BRDA:6,1,0,22
BRDA:6,1,1,0
BRDA:6,2,0,22
BRDA:6,2,1,22
BRDA:7,3,0,0
BRDA:7,3,1,22
BRDA:29,4,0,0
BRDA:29,4,1,0
BRDA:36,5,0,12
BRDA:36,5,1,0
BRDA:63,6,0,22
BRDA:63,6,1,0
BRDA:63,7,0,22
BRDA:63,7,1,22
BRDA:67,8,0,22
BRDA:67,8,1,0
BRDA:67,9,0,22
BRDA:67,9,1,22
BRDA:71,10,0,0
BRDA:71,10,1,0
BRDA:73,11,0,0
BRDA:73,11,1,0
BRDA:14,12,0,8
BRDA:14,12,1,6
BRDA:22,13,0,16
BRDA:22,13,1,8
BRF:28
BRH:16
end_of_record
TN:
SF:src/components/ErrorBoundary.tsx
FN:9,(anonymous_0)
FN:15,(anonymous_1)
FN:18,(anonymous_2)
FN:21,(anonymous_3)
FN:50,(anonymous_4)
FN:78,(anonymous_5)
FN:80,(anonymous_6)
FN:15,(anonymous_0)
FN:20,(anonymous_1)
FN:24,(anonymous_2)
FN:28,(anonymous_3)
FN:44,(anonymous_4)
FNF:12
FNH:8
FNDA:8,(anonymous_0)
FNDA:0,(anonymous_1)
FNDA:0,(anonymous_2)
FNDA:28,(anonymous_3)
FNDA:0,(anonymous_4)
FNDA:22,(anonymous_5)
FNDA:0,(anonymous_6)
FNDA:36,(anonymous_0)
FNDA:36,(anonymous_1)
FNDA:18,(anonymous_2)
FNDA:74,(anonymous_3)
FNDA:2,(anonymous_4)
DA:3,22
DA:10,8
DA:11,8
DA:15,36
DA:16,34
DA:19,0
DA:21,36
DA:22,28
DA:23,0
DA:25,18
DA:29,74
DA:30,36
DA:44,2
DA:50,0
DA:53,38
DA:73,28
DA:77,22
DA:78,22
DA:79,22
DA:80,22
DA:81,0
DA:82,0
DA:83,0
LF:23
LH:17
BRDA:3,0,0,22
BRDA:3,0,1,0
BRDA:22,1,0,0
BRDA:22,1,1,28
BRDA:41,2,0,0
BRDA:41,2,1,0
BRDA:77,3,0,22
BRDA:77,3,1,0
BRDA:77,4,0,22
BRDA:77,4,1,22
BRDA:81,5,0,0
BRDA:81,5,1,0
BRDA:83,6,0,0
BRDA:83,6,1,0
BRDA:29,7,0,36
BRDA:29,7,1,38
BRDA:40,8,0,36
BRDA:40,8,1,4
BRF:18
BRH:9
end_of_record
TN:
SF:src/components/EventCard.tsx
FN:32,(anonymous_0)
FN:38,(anonymous_1)
FN:49,(anonymous_2)
FN:58,(anonymous_3)
FN:63,(anonymous_4)
FN:63,(anonymous_5)
FN:68,(anonymous_6)
FN:69,(anonymous_7)
FN:73,(anonymous_8)
FN:167,(anonymous_9)
FN:285,(anonymous_10)
FN:296,(anonymous_11)
FN:298,(anonymous_12)
FN:27,(anonymous_0)
FN:34,(anonymous_1)
FN:45,(anonymous_2)
FN:55,(anonymous_3)
FN:63,(anonymous_4)
FN:64,(anonymous_5)
FN:70,(anonymous_6)
FN:72,(anonymous_7)
FN:77,(anonymous_8)
FN:129,(anonymous_9)
FNF:23
FNH:20
FNDA:30,(anonymous_0)
FNDA:2,(anonymous_1)
FNDA:2,(anonymous_2)
FNDA:2,(anonymous_3)
FNDA:0,(anonymous_4)
FNDA:2,(anonymous_5)
FNDA:2,(anonymous_6)
FNDA:1,(anonymous_7)
FNDA:3,(anonymous_8)
FNDA:0,(anonymous_9)
FNDA:7,(anonymous_10)
FNDA:22,(anonymous_11)
FNDA:0,(anonymous_12)
FNDA:10,(anonymous_0)
FNDA:2,(anonymous_1)
FNDA:2,(anonymous_2)
FNDA:2,(anonymous_3)
FNDA:4,(anonymous_4)
FNDA:30,(anonymous_5)
FNDA:2,(anonymous_6)
FNDA:4,(anonymous_7)
FNDA:30,(anonymous_8)
FNDA:20,(anonymous_9)
DA:3,22
DA:6,22
DA:7,22
DA:8,0
DA:12,22
DA:13,22
DA:14,22
DA:15,22
DA:17,22
DA:27,2
DA:28,10
DA:29,10
DA:30,10
DA:32,22
DA:33,30
DA:34,30
DA:35,30
DA:36,30
DA:37,30
DA:38,30
DA:39,2
DA:40,1
DA:41,0
DA:42,0
DA:44,1
DA:45,1
DA:46,0
DA:47,0
DA:48,1
DA:49,2
DA:50,1
DA:51,2
DA:52,2
DA:55,10
DA:56,2
DA:57,2
DA:58,30
DA:59,2
DA:60,2
DA:61,2
DA:62,2
DA:63,4
DA:64,2
DA:65,2
DA:66,0
DA:68,30
DA:69,2
DA:70,10
DA:71,2
DA:73,2
DA:74,1
DA:75,1
DA:77,2
DA:78,2
DA:79,0
DA:81,30
DA:82,2
DA:86,10
DA:130,20
DA:167,0
DA:285,22
DA:286,7
DA:288,22
DA:290,22
DA:291,22
DA:292,22
DA:293,22
DA:295,22
DA:296,22
DA:297,22
DA:298,22
DA:299,0
DA:300,0
DA:301,0
LF:74
LH:63
BRDA:3,0,0,22
BRDA:3,0,1,0
BRDA:6,1,0,22
BRDA:6,1,1,0
BRDA:6,2,0,22
BRDA:6,2,1,22
BRDA:7,3,0,0
BRDA:7,3,1,22
BRDA:39,4,0,1
BRDA:39,4,1,1
BRDA:40,5,0,0
BRDA:40,5,1,1
BRDA:44,6,0,0
BRDA:44,6,1,1
BRDA:48,7,0,0
BRDA:48,7,1,1
BRDA:49,8,0,1
BRDA:49,8,1,1
BRDA:50,9,0,0
BRDA:50,9,1,1
BRDA:70,10,0,0
BRDA:70,10,1,1
BRDA:77,11,0,2
BRDA:77,11,1,0
BRDA:84,12,0,22
BRDA:84,12,1,8
BRDA:87,13,0,22
BRDA:87,13,1,8
BRDA:146,14,0,30
BRDA:146,14,1,0
BRDA:166,15,0,30
BRDA:166,15,1,0
BRDA:166,15,2,0
BRDA:202,16,0,22
BRDA:202,16,1,8
BRDA:202,17,0,22
BRDA:202,17,1,8
BRDA:291,18,0,22
BRDA:291,18,1,0
BRDA:291,19,0,22
BRDA:291,19,1,22
BRDA:295,20,0,22
BRDA:295,20,1,0
BRDA:295,21,0,22
BRDA:295,21,1,22
BRDA:299,22,0,0
BRDA:299,22,1,0
BRDA:301,23,0,0
BRDA:301,23,1,0
BRDA:35,24,0,0
BRDA:35,24,1,2
BRDA:36,25,0,0
BRDA:36,25,1,0
BRDA:40,26,0,0
BRDA:40,26,1,0
BRDA:44,27,0,0
BRDA:44,27,1,0
BRDA:45,28,0,0
BRDA:45,28,1,0
BRDA:46,29,0,0
BRDA:46,29,1,0
BRDA:73,30,0,0
BRDA:73,30,1,2
BRDA:81,31,0,2
BRDA:81,31,1,0
BRDA:88,32,0,8
BRDA:88,32,1,2
BRDA:92,33,0,8
BRDA:92,33,1,2
BRDA:114,34,0,10
BRDA:114,34,1,0
BRDA:127,35,0,10
BRDA:127,35,1,10
BRDA:127,35,2,10
BRDA:147,36,0,38
BRDA:147,36,1,2
BRDA:148,37,0,8
BRDA:148,37,1,2
BRF:78
BRH:46
end_of_record
TN:
SF:src/components/EventForm.tsx
FN:36,(anonymous_0)
FN:43,(anonymous_1)
FN:46,(anonymous_2)
FN:50,(anonymous_3)
FN:56,(anonymous_4)
FN:56,(anonymous_5)
FN:72,(anonymous_6)
FN:72,(anonymous_7)
FN:77,(anonymous_8)
FN:81,(anonymous_9)
FN:86,(anonymous_10)
FN:100,(anonymous_11)
FN:104,(anonymous_12)
FN:249,(anonymous_13)
FN:255,(anonymous_14)
FN:287,(anonymous_15)
FN:698,(anonymous_16)
FN:742,(anonymous_17)
FN:829,(anonymous_18)
FN:889,(anonymous_19)
FN:919,(anonymous_20)
FN:1076,(anonymous_21)
FN:1151,(anonymous_22)
FN:1174,(anonymous_23)
FN:1185,(anonymous_24)
FN:1187,(anonymous_25)
FN:24,(anonymous_0)
FN:31,(anonymous_1)
FN:35,(anonymous_2)
FN:40,(anonymous_3)
FN:48,(anonymous_4)
FN:49,(anonymous_5)
FN:68,(anonymous_6)
FN:69,(anonymous_7)
FN:75,(anonymous_8)
FN:80,(anonymous_9)
FN:87,(anonymous_10)
FN:102,(anonymous_11)
FN:106,(anonymous_12)
FN:164,(anonymous_13)
FN:169,(anonymous_14)
FN:180,(anonymous_15)
FN:314,(anonymous_16)
FN:339,(anonymous_17)
FN:374,(anonymous_18)
FN:401,(anonymous_19)
FN:420,(anonymous_20)
FN:482,(anonymous_21)
FN:522,(anonymous_22)
FNF:49
FNH:29
FNDA:12,(anonymous_0)
FNDA:5,(anonymous_1)
FNDA:1,(anonymous_2)
FNDA:2,(anonymous_3)
FNDA:84,(anonymous_4)
FNDA:1,(anonymous_5)
FNDA:36,(anonymous_6)
FNDA:0,(anonymous_7)
FNDA:0,(anonymous_8)
FNDA:0,(anonymous_9)
FNDA:0,(anonymous_10)
FNDA:0,(anonymous_11)
FNDA:0,(anonymous_12)
FNDA:0,(anonymous_13)
FNDA:0,(anonymous_14)
FNDA:0,(anonymous_15)
FNDA:0,(anonymous_16)
FNDA:0,(anonymous_17)
FNDA:0,(anonymous_18)
FNDA:0,(anonymous_19)
FNDA:0,(anonymous_20)
FNDA:0,(anonymous_21)
FNDA:0,(anonymous_22)
FNDA:2,(anonymous_23)
FNDA:22,(anonymous_24)
FNDA:0,(anonymous_25)
FNDA:118,(anonymous_0)
FNDA:42,(anonymous_1)
FNDA:24,(anonymous_2)
FNDA:18,(anonymous_3)
FNDA:826,(anonymous_4)
FNDA:20,(anonymous_5)
FNDA:354,(anonymous_6)
FNDA:0,(anonymous_7)
FNDA:2,(anonymous_8)
FNDA:2,(anonymous_9)
FNDA:2,(anonymous_10)
FNDA:2,(anonymous_11)
FNDA:14,(anonymous_12)
FNDA:2,(anonymous_13)
FNDA:2,(anonymous_14)
FNDA:2,(anonymous_15)
FNDA:4,(anonymous_16)
FNDA:2,(anonymous_17)
FNDA:2,(anonymous_18)
FNDA:2,(anonymous_19)
FNDA:0,(anonymous_20)
FNDA:2,(anonymous_21)
FNDA:0,(anonymous_22)
DA:3,22
DA:6,22
DA:7,22
DA:8,0
DA:12,22
DA:13,22
DA:14,22
DA:15,22
DA:17,22
DA:24,4
DA:25,118
DA:26,118
DA:27,118
DA:28,118
DA:29,118
DA:31,118
DA:32,42
DA:35,118
DA:36,24
DA:37,24
DA:38,12
DA:39,12
DA:40,118
DA:41,18
DA:42,18
DA:43,18
DA:44,18
DA:46,12
DA:47,1
DA:48,118
DA:49,826
DA:50,20
DA:51,20
DA:52,20
DA:53,6
DA:54,1
DA:56,84
DA:57,8
DA:58,1
DA:59,1
DA:60,0
DA:62,1
DA:63,12
DA:68,118
DA:69,354
DA:70,0
DA:71,0
DA:72,36
DA:73,0
DA:74,0
DA:75,118
DA:76,2
DA:77,12
DA:78,0
DA:79,0
DA:80,118
DA:81,12
DA:82,2
DA:83,0
DA:85,118
DA:86,12
DA:87,118
DA:88,2
DA:89,2
DA:90,2
DA:91,2
DA:92,2
DA:93,2
DA:96,0
DA:97,2
DA:100,12
DA:101,0
DA:102,118
DA:103,2
DA:104,2
DA:106,24
DA:107,12
DA:110,118
DA:165,2
DA:169,2
DA:180,2
DA:249,0
DA:255,0
DA:287,0
DA:315,4
DA:316,4
DA:340,2
DA:341,2
DA:375,2
DA:376,2
DA:377,2
DA:402,2
DA:403,2
DA:404,2
DA:421,0
DA:422,0
DA:483,2
DA:484,2
DA:485,2
DA:522,0
DA:699,0
DA:700,0
DA:743,0
DA:744,0
DA:830,0
DA:831,0
DA:832,0
DA:890,0
DA:891,0
DA:892,0
DA:920,0
DA:921,0
DA:1077,0
DA:1078,0
DA:1079,0
DA:1151,0
DA:1174,22
DA:1175,2
DA:1177,22
DA:1179,22
DA:1180,22
DA:1181,22
DA:1182,22
DA:1184,22
DA:1185,22
DA:1186,22
DA:1187,22
DA:1188,0
DA:1189,0
DA:1190,0
LF:130
LH:94
BRDA:3,0,0,22
BRDA:3,0,1,0
BRDA:6,1,0,22
BRDA:6,1,1,0
BRDA:6,2,0,22
BRDA:6,2,1,22
BRDA:7,3,0,0
BRDA:7,3,1,22
BRDA:51,4,0,1
BRDA:51,4,1,1
BRDA:59,5,0,0
BRDA:59,5,1,1
BRDA:59,6,0,1
BRDA:59,6,1,1
BRDA:60,7,0,0
BRDA:60,7,1,0
BRDA:62,8,0,1
BRDA:62,8,1,0
BRDA:62,9,0,1
BRDA:62,9,1,1
BRDA:87,10,0,0
BRDA:87,10,1,0
BRDA:90,11,0,0
BRDA:90,11,1,0
BRDA:90,12,0,0
BRDA:90,12,1,0
BRDA:94,13,0,0
BRDA:94,13,1,0
BRDA:104,14,0,0
BRDA:104,14,1,0
BRDA:697,15,0,12
BRDA:697,15,1,12
BRDA:704,16,0,0
BRDA:704,16,1,0
BRDA:705,17,0,0
BRDA:705,17,1,0
BRDA:731,18,0,12
BRDA:731,18,1,0
BRDA:828,19,0,0
BRDA:828,19,1,0
BRDA:831,20,0,0
BRDA:831,20,1,0
BRDA:888,21,0,0
BRDA:888,21,1,0
BRDA:891,22,0,0
BRDA:891,22,1,0
BRDA:898,23,0,0
BRDA:898,23,1,0
BRDA:918,24,0,0
BRDA:918,24,1,0
BRDA:926,25,0,0
BRDA:926,25,1,0
BRDA:1026,26,0,12
BRDA:1026,26,1,2
BRDA:1070,27,0,12
BRDA:1070,27,1,2
BRDA:1070,27,2,12
BRDA:1070,27,3,0
BRDA:1077,28,0,0
BRDA:1077,28,1,0
BRDA:1098,29,0,12
BRDA:1098,29,1,0
BRDA:1103,30,0,12
BRDA:1103,30,1,2
BRDA:1103,30,2,12
BRDA:1118,31,0,12
BRDA:1118,31,1,0
BRDA:1180,32,0,22
BRDA:1180,32,1,0
BRDA:1180,33,0,22
BRDA:1180,33,1,22
BRDA:1184,34,0,22
BRDA:1184,34,1,0
BRDA:1184,35,0,22
BRDA:1184,35,1,22
BRDA:1188,36,0,0
BRDA:1188,36,1,0
BRDA:1190,37,0,0
BRDA:1190,37,1,0
BRDA:41,38,0,0
BRDA:41,38,1,18
BRDA:52,39,0,6
BRDA:52,39,1,14
BRDA:52,40,0,20
BRDA:52,40,1,16
BRDA:53,41,0,6
BRDA:53,41,1,2
BRDA:56,42,0,8
BRDA:56,42,1,12
BRDA:56,43,0,20
BRDA:56,43,1,10
BRDA:88,44,0,2
BRDA:88,44,1,0
BRDA:91,45,0,2
BRDA:91,45,1,0
BRDA:91,46,0,2
BRDA:91,46,1,2
BRDA:95,47,0,2
BRDA:95,47,1,2
BRDA:106,48,0,2
BRDA:106,48,1,0
BRDA:313,49,0,118
BRDA:313,49,1,104
BRDA:320,50,0,4
BRDA:320,50,1,4
BRDA:321,51,0,4
BRDA:321,51,1,4
BRDA:333,52,0,118
BRDA:333,52,1,14
BRDA:373,53,0,14
BRDA:373,53,1,12
BRDA:376,54,0,2
BRDA:376,54,1,0
BRDA:400,55,0,14
BRDA:400,55,1,12
BRDA:403,56,0,2
BRDA:403,56,1,0
BRDA:410,57,0,2
BRDA:410,57,1,2
BRDA:419,58,0,14
BRDA:419,58,1,12
BRDA:427,59,0,0
BRDA:427,59,1,0
BRDA:465,60,0,118
BRDA:465,60,1,2
BRDA:476,61,0,118
BRDA:476,61,1,6
BRDA:476,61,2,114
BRDA:476,61,3,114
BRDA:483,62,0,2
BRDA:483,62,1,0
BRDA:493,63,0,118
BRDA:493,63,1,4
BRDA:496,64,0,118
BRDA:496,64,1,6
BRDA:496,64,2,114
BRDA:504,65,0,118
BRDA:504,65,1,4
BRF:138
BRH:82
end_of_record
TN:
SF:src/components/EventList.tsx
FN:24,(anonymous_0)
FN:29,(anonymous_1)
FN:30,(anonymous_2)
FN:43,(anonymous_3)
FN:48,(anonymous_4)
FN:49,(anonymous_5)
FN:51,(anonymous_6)
FN:63,(anonymous_7)
FN:86,(anonymous_8)
FN:137,(anonymous_9)
FN:149,(anonymous_10)
FN:151,(anonymous_11)
FN:16,(anonymous_0)
FN:23,(anonymous_1)
FN:24,(anonymous_2)
FN:37,(anonymous_3)
FN:43,(anonymous_4)
FN:44,(anonymous_5)
FN:47,(anonymous_6)
FN:58,(anonymous_7)
FN:73,(anonymous_8)
FNF:21
FNH:18
FNDA:54,(anonymous_0)
FNDA:32,(anonymous_1)
FNDA:32,(anonymous_2)
FNDA:0,(anonymous_3)
FNDA:2,(anonymous_4)
FNDA:3,(anonymous_5)
FNDA:2,(anonymous_6)
FNDA:24,(anonymous_7)
FNDA:0,(anonymous_8)
FNDA:7,(anonymous_9)
FNDA:22,(anonymous_10)
FNDA:0,(anonymous_11)
FNDA:40,(anonymous_0)
FNDA:20,(anonymous_1)
FNDA:74,(anonymous_2)
FNDA:32,(anonymous_3)
FNDA:2,(anonymous_4)
FNDA:4,(anonymous_5)
FNDA:2,(anonymous_6)
FNDA:36,(anonymous_7)
FNDA:2,(anonymous_8)
DA:3,22
DA:6,22
DA:7,22
DA:8,0
DA:12,22
DA:13,22
DA:14,22
DA:15,22
DA:16,2
DA:17,40
DA:18,40
DA:21,40
DA:23,40
DA:24,22
DA:25,54
DA:26,54
DA:27,54
DA:28,54
DA:29,54
DA:30,32
DA:31,32
DA:32,0
DA:33,0
DA:34,0
DA:35,32
DA:36,32
DA:37,32
DA:38,0
DA:39,0
DA:40,0
DA:43,40
DA:44,36
DA:45,0
DA:47,40
DA:48,54
DA:49,3
DA:50,2
DA:51,54
DA:52,2
DA:53,40
DA:54,2
DA:56,54
DA:59,36
DA:63,24
DA:73,2
DA:86,0
DA:137,22
DA:138,7
DA:140,22
DA:143,22
DA:144,22
DA:145,22
DA:146,22
DA:148,22
DA:149,22
DA:150,22
DA:151,22
DA:152,0
DA:153,0
DA:154,0
LF:60
LH:48
BRDA:3,0,0,22
BRDA:3,0,1,0
BRDA:6,1,0,22
BRDA:6,1,1,0
BRDA:6,2,0,22
BRDA:6,2,1,22
BRDA:7,3,0,0
BRDA:7,3,1,22
BRDA:31,4,0,0
BRDA:31,4,1,32
BRDA:36,5,0,32
BRDA:36,5,1,0
BRDA:68,6,0,24
BRDA:68,6,1,24
BRDA:144,7,0,22
BRDA:144,7,1,0
BRDA:144,8,0,22
BRDA:144,8,1,22
BRDA:148,9,0,22
BRDA:148,9,1,0
BRDA:148,10,0,22
BRDA:148,10,1,22
BRDA:152,11,0,0
BRDA:152,11,1,0
BRDA:154,12,0,0
BRDA:154,12,1,0
BRDA:25,13,0,2
BRDA:25,13,1,18
BRDA:30,14,0,18
BRDA:30,14,1,0
BRDA:64,15,0,36
BRDA:64,15,1,36
BRF:32
BRH:20
end_of_record
TN:
SF:src/components/EventType.tsx
FN:32,(anonymous_0)
FN:127,(anonymous_1)
FN:169,(anonymous_2)
FN:202,(anonymous_3)
FN:213,(anonymous_4)
FN:215,(anonymous_5)
FN:26,(anonymous_0)
FN:65,(anonymous_1)
FN:88,(anonymous_2)
FNF:9
FNH:7
FNDA:22,(anonymous_0)
FNDA:6,(anonymous_1)
FNDA:0,(anonymous_2)
FNDA:2,(anonymous_3)
FNDA:22,(anonymous_4)
FNDA:0,(anonymous_5)
FNDA:240,(anonymous_0)
FNDA:182,(anonymous_1)
FNDA:4,(anonymous_2)
DA:3,22
DA:6,22
DA:7,22
DA:8,0
DA:12,22
DA:13,22
DA:14,22
DA:15,22
DA:17,22
DA:26,4
DA:27,240
DA:28,240
DA:32,240
DA:33,22
DA:34,22
DA:35,22
DA:36,22
DA:66,160
DA:67,2
DA:68,2
DA:69,2
DA:70,2
DA:71,2
DA:72,2
DA:73,2
DA:74,146
DA:89,4
DA:90,4
DA:128,6
DA:130,0
DA:132,0
DA:134,0
DA:136,0
DA:138,0
DA:140,0
DA:142,0
DA:144,6
DA:170,0
DA:171,0
DA:202,22
DA:203,2
DA:205,22
DA:207,22
DA:208,22
DA:209,22
DA:210,22
DA:212,22
DA:213,22
DA:214,22
DA:215,22
DA:216,0
DA:217,0
DA:218,0
LF:53
LH:40
BRDA:3,0,0,22
BRDA:3,0,1,0
BRDA:6,1,0,22
BRDA:6,1,1,0
BRDA:6,2,0,22
BRDA:6,2,1,22
BRDA:7,3,0,0
BRDA:7,3,1,22
BRDA:84,4,0,22
BRDA:84,4,1,0
BRDA:120,5,0,22
BRDA:120,5,1,6
BRDA:128,6,0,0
BRDA:128,6,1,0
BRDA:128,6,2,0
BRDA:128,6,3,0
BRDA:128,6,4,0
BRDA:128,6,5,0
BRDA:128,6,6,0
BRDA:128,6,7,6
BRDA:166,7,0,22
BRDA:166,7,1,0
BRDA:208,8,0,22
BRDA:208,8,1,0
BRDA:208,9,0,22
BRDA:208,9,1,22
BRDA:212,10,0,22
BRDA:212,10,1,0
BRDA:212,11,0,22
BRDA:212,11,1,22
BRDA:216,12,0,0
BRDA:216,12,1,0
BRDA:218,13,0,0
BRDA:218,13,1,0
BRDA:49,14,0,240
BRDA:49,14,1,0
BRDA:59,15,0,240
BRDA:59,15,1,160
BRDA:66,16,0,2
BRDA:66,16,1,2
BRDA:66,16,2,2
BRDA:66,16,3,2
BRDA:66,16,4,2
BRDA:66,16,5,2
BRDA:66,16,6,2
BRDA:66,16,7,146
BRDA:85,17,0,240
BRDA:85,17,1,8
BRF:48
BRH:29
end_of_record
TN:
SF:src/components/Footer.tsx
FN:20,(anonymous_0)
FN:44,(anonymous_1)
FN:56,(anonymous_2)
FN:58,(anonymous_3)
FN:6,(anonymous_0)
FNF:5
FNH:4
FNDA:48,(anonymous_0)
FNDA:11,(anonymous_1)
FNDA:22,(anonymous_2)
FNDA:0,(anonymous_3)
FNDA:204,(anonymous_0)
DA:3,22
DA:6,22
DA:7,204
DA:8,0
DA:9,204
DA:12,22
DA:13,22
DA:14,22
DA:15,22
DA:17,22
DA:20,22
DA:21,48
DA:22,48
DA:23,48
DA:44,22
DA:45,11
DA:47,22
DA:50,22
DA:51,22
DA:52,22
DA:53,22
DA:55,22
DA:56,22
DA:57,22
DA:58,22
DA:59,0
DA:60,0
DA:61,0
LF:28
LH:24
BRDA:3,0,0,22
BRDA:3,0,1,0
BRDA:6,1,0,22
BRDA:6,1,1,0
BRDA:6,2,0,22
BRDA:6,2,1,22
BRDA:7,3,0,0
BRDA:7,3,1,22
BRDA:51,4,0,22
BRDA:51,4,1,0
BRDA:51,5,0,22
BRDA:51,5,1,22
BRDA:55,6,0,22
BRDA:55,6,1,0
BRDA:55,7,0,22
BRDA:55,7,1,22
BRDA:59,8,0,0
BRDA:59,8,1,0
BRDA:61,9,0,0
BRDA:61,9,1,0
BRF:20
BRH:11
end_of_record
TN:
SF:src/components/HorizontalWeekCalendar.tsx
FN:25,(anonymous_0)
FN:34,(anonymous_1)
FN:37,(anonymous_2)
FN:46,(anonymous_3)
FN:47,(anonymous_4)
FN:49,(anonymous_5)
FN:50,(anonymous_6)
FN:52,(anonymous_7)
FN:121,(anonymous_8)
FN:129,(anonymous_9)
FN:178,(anonymous_10)
FN:190,(anonymous_11)
FN:192,(anonymous_12)
FN:16,(anonymous_0)
FN:23,(anonymous_1)
FN:30,(anonymous_2)
FN:41,(anonymous_3)
FN:42,(anonymous_4)
FN:45,(anonymous_5)
FN:46,(anonymous_6)
FN:49,(anonymous_7)
FN:82,(anonymous_8)
FN:91,(anonymous_9)
FNF:23
FNH:13
FNDA:18,(anonymous_0)
FNDA:34,(anonymous_1)
FNDA:4,(anonymous_2)
FNDA:0,(anonymous_3)
FNDA:0,(anonymous_4)
FNDA:0,(anonymous_5)
FNDA:0,(anonymous_6)
FNDA:126,(anonymous_7)
FNDA:126,(anonymous_8)
FNDA:0,(anonymous_9)
FNDA:2,(anonymous_10)
FNDA:22,(anonymous_11)
FNDA:0,(anonymous_12)
FNDA:70,(anonymous_0)
FNDA:18,(anonymous_1)
FNDA:48,(anonymous_2)
FNDA:0,(anonymous_3)
FNDA:4,(anonymous_4)
FNDA:0,(anonymous_5)
FNDA:0,(anonymous_6)
FNDA:490,(anonymous_7)
FNDA:508,(anonymous_8)
FNDA:0,(anonymous_9)
DA:3,22
DA:6,22
DA:7,22
DA:8,0
DA:12,22
DA:13,22
DA:14,22
DA:15,22
DA:16,4
DA:17,22
DA:22,70
DA:23,70
DA:24,18
DA:25,22
DA:27,70
DA:30,70
DA:31,30
DA:32,18
DA:33,18
DA:34,6
DA:36,18
DA:37,18
DA:38,4
DA:39,70
DA:40,2
DA:41,70
DA:42,4
DA:45,70
DA:46,18
DA:47,0
DA:49,508
DA:50,0
DA:51,70
DA:52,126
DA:53,18
DA:83,490
DA:84,490
DA:85,490
DA:86,490
DA:88,490
DA:91,0
DA:122,126
DA:123,126
DA:124,126
DA:125,126
DA:126,126
DA:129,0
DA:178,22
DA:179,2
DA:181,22
DA:184,22
DA:185,22
DA:186,22
DA:187,22
DA:189,22
DA:190,22
DA:191,22
DA:192,22
DA:193,0
DA:194,0
DA:195,0
LF:61
LH:53
BRDA:3,0,0,22
BRDA:3,0,1,0
BRDA:6,1,0,22
BRDA:6,1,1,0
BRDA:6,2,0,22
BRDA:6,2,1,22
BRDA:7,3,0,0
BRDA:7,3,1,22
BRDA:34,4,0,4
BRDA:34,4,1,4
BRDA:38,5,0,2
BRDA:38,5,1,2
BRDA:40,6,0,1
BRDA:40,6,1,1
BRDA:122,7,0,42
BRDA:122,7,1,84
BRDA:124,8,0,126
BRDA:124,8,1,0
BRDA:125,9,0,126
BRDA:125,9,1,66
BRDA:129,10,0,0
BRDA:129,10,1,0
BRDA:133,11,0,4
BRDA:133,11,1,122
BRDA:134,12,0,126
BRDA:134,12,1,118
BRDA:139,13,0,4
BRDA:139,13,1,122
BRDA:185,14,0,22
BRDA:185,14,1,0
BRDA:185,15,0,22
BRDA:185,15,1,22
BRDA:189,16,0,22
BRDA:189,16,1,0
BRDA:189,17,0,22
BRDA:189,17,1,22
BRDA:193,18,0,0
BRDA:193,18,1,0
BRDA:195,19,0,0
BRDA:195,19,1,0
BRDA:24,20,0,18
BRDA:24,20,1,16
BRDA:31,21,0,14
BRDA:31,21,1,16
BRDA:33,22,0,6
BRDA:33,22,1,8
BRDA:83,23,0,210
BRDA:83,23,1,280
BRDA:85,24,0,490
BRDA:85,24,1,0
BRDA:86,25,0,490
BRDA:86,25,1,88
BRDA:91,26,0,0
BRDA:91,26,1,0
BRDA:95,27,0,24
BRDA:95,27,1,466
BRDA:98,28,0,490
BRDA:98,28,1,484
BRDA:103,29,0,24
BRDA:103,29,1,466
BRF:60
BRH:45
end_of_record
TN:
SF:src/components/LanguageSelector.tsx
FN:37,(anonymous_0)
FN:40,(anonymous_1)
FN:60,(anonymous_2)
FN:81,(anonymous_3)
FN:92,(anonymous_4)
FN:94,(anonymous_5)
FN:23,(anonymous_0)
FN:26,(anonymous_1)
FN:38,(anonymous_2)
FNF:9
FNH:6
FNDA:22,(anonymous_0)
FNDA:0,(anonymous_1)
FNDA:176,(anonymous_2)
FNDA:2,(anonymous_3)
FNDA:22,(anonymous_4)
FNDA:0,(anonymous_5)
FNDA:204,(anonymous_0)
FNDA:0,(anonymous_1)
FNDA:1632,(anonymous_2)
DA:3,22
DA:6,22
DA:7,22
DA:8,0
DA:12,22
DA:13,22
DA:14,22
DA:15,22
DA:17,22
DA:23,4
DA:24,204
DA:26,204
DA:27,22
DA:30,204
DA:37,22
DA:38,22
DA:39,1632
DA:40,22
DA:41,0
DA:43,22
DA:60,176
DA:81,22
DA:82,2
DA:84,22
DA:86,22
DA:87,22
DA:88,22
DA:89,22
DA:91,22
DA:92,22
DA:93,22
DA:94,22
DA:95,0
DA:96,0
DA:97,0
LF:35
LH:30
BRDA:3,0,0,22
BRDA:3,0,1,0
BRDA:6,1,0,22
BRDA:6,1,1,0
BRDA:6,2,0,22
BRDA:6,2,1,22
BRDA:7,3,0,0
BRDA:7,3,1,22
BRDA:87,4,0,22
BRDA:87,4,1,0
BRDA:87,5,0,22
BRDA:87,5,1,22
BRDA:91,6,0,22
BRDA:91,6,1,0
BRDA:91,7,0,22
BRDA:91,7,1,22
BRDA:95,8,0,0
BRDA:95,8,1,0
BRDA:97,9,0,0
BRDA:97,9,1,0
BRF:20
BRH:11
end_of_record
TN:
SF:src/components/LocalizedTimeInput.tsx
FN:23,(anonymous_0)
FN:43,(anonymous_1)
FN:58,(anonymous_2)
FN:63,(anonymous_3)
FN:71,(anonymous_4)
FN:82,(anonymous_5)
FN:85,(anonymous_6)
FN:93,(anonymous_7)
FN:121,(anonymous_8)
FN:132,(anonymous_9)
FN:134,(anonymous_10)
FN:14,(anonymous_0)
FN:28,(anonymous_1)
FN:43,(anonymous_2)
FN:50,(anonymous_3)
FN:59,(anonymous_4)
FN:75,(anonymous_5)
FN:79,(anonymous_6)
FN:89,(anonymous_7)
FNF:19
FNH:15
FNDA:8,(anonymous_0)
FNDA:8,(anonymous_1)
FNDA:16,(anonymous_2)
FNDA:8,(anonymous_3)
FNDA:0,(anonymous_4)
FNDA:8,(anonymous_5)
FNDA:0,(anonymous_6)
FNDA:0,(anonymous_7)
FNDA:1,(anonymous_8)
FNDA:22,(anonymous_9)
FNDA:0,(anonymous_10)
FNDA:68,(anonymous_0)
FNDA:68,(anonymous_1)
FNDA:126,(anonymous_2)
FNDA:70,(anonymous_3)
FNDA:18,(anonymous_4)
FNDA:66,(anonymous_5)
FNDA:14,(anonymous_6)
FNDA:4,(anonymous_7)
DA:3,22
DA:6,22
DA:7,22
DA:8,0
DA:12,22
DA:13,22
DA:14,22
DA:15,22
DA:16,68
DA:17,22
DA:18,2
DA:19,2
DA:20,2
DA:21,2
DA:22,2
DA:23,22
DA:24,46
DA:26,0
DA:28,8
DA:30,68
DA:32,0
DA:34,0
DA:36,0
DA:38,22
DA:39,46
DA:40,8
DA:43,22
DA:44,126
DA:45,126
DA:48,126
DA:50,126
DA:51,70
DA:52,52
DA:53,52
DA:54,52
DA:55,8
DA:56,0
DA:58,22
DA:59,126
DA:60,18
DA:61,16
DA:62,16
DA:63,16
DA:64,8
DA:65,16
DA:66,8
DA:67,8
DA:69,16
DA:70,10
DA:71,16
DA:72,6
DA:73,0
DA:74,0
DA:75,126
DA:76,66
DA:77,0
DA:78,0
DA:79,126
DA:80,14
DA:81,14
DA:82,16
DA:83,14
DA:84,14
DA:85,16
DA:86,0
DA:87,0
DA:88,0
DA:89,126
DA:90,0
DA:91,4
DA:92,4
DA:93,16
DA:94,0
DA:95,0
DA:96,0
DA:97,2
DA:98,0
DA:101,126
DA:121,22
DA:122,1
DA:124,22
DA:126,22
DA:127,22
DA:128,22
DA:129,22
DA:131,22
DA:132,22
DA:133,22
DA:134,22
DA:135,0
DA:136,0
DA:137,0
LF:92
LH:71
BRDA:3,0,0,22
BRDA:3,0,1,0
BRDA:6,1,0,22
BRDA:6,1,1,0
BRDA:6,2,0,22
BRDA:6,2,1,22
BRDA:7,3,0,0
BRDA:7,3,1,22
BRDA:24,4,0,0
BRDA:24,4,1,0
BRDA:24,4,2,0
BRDA:24,4,3,0
BRDA:24,4,4,0
BRDA:24,4,5,0
BRDA:24,4,6,0
BRDA:24,4,7,8
BRDA:44,5,0,0
BRDA:44,5,1,0
BRDA:44,5,2,0
BRDA:44,5,3,0
BRDA:44,5,4,0
BRDA:44,5,5,0
BRDA:44,5,6,0
BRDA:44,5,7,8
BRDA:64,6,0,0
BRDA:64,6,1,8
BRDA:66,7,0,8
BRDA:66,7,1,0
BRDA:72,8,0,0
BRDA:72,8,1,0
BRDA:74,9,0,0
BRDA:74,9,1,0
BRDA:77,10,0,0
BRDA:77,10,1,0
BRDA:89,11,0,0
BRDA:89,11,1,0
BRDA:95,12,0,0
BRDA:95,12,1,0
BRDA:108,13,0,16
BRDA:108,13,1,0
BRDA:108,14,0,0
BRDA:108,14,1,0
BRDA:127,15,0,22
BRDA:127,15,1,0
BRDA:127,16,0,22
BRDA:127,16,1,22
BRDA:131,17,0,22
BRDA:131,17,1,0
BRDA:131,18,0,22
BRDA:131,18,1,22
BRDA:135,19,0,0
BRDA:135,19,1,0
BRDA:137,20,0,0
BRDA:137,20,1,0
BRDA:16,21,0,10
BRDA:16,21,1,2
BRDA:16,21,2,2
BRDA:16,21,3,2
BRDA:16,21,4,2
BRDA:16,21,5,2
BRDA:16,21,6,2
BRDA:16,21,7,46
BRDA:30,22,0,10
BRDA:30,22,1,12
BRDA:30,22,2,14
BRDA:30,22,3,16
BRDA:30,22,4,18
BRDA:30,22,5,20
BRDA:30,22,6,22
BRDA:30,22,7,46
BRDA:51,23,0,18
BRDA:51,23,1,52
BRDA:53,24,0,52
BRDA:53,24,1,0
BRDA:60,25,0,2
BRDA:60,25,1,16
BRDA:65,26,0,8
BRDA:65,26,1,8
BRDA:69,27,0,10
BRDA:69,27,1,6
BRDA:84,28,0,8
BRDA:84,28,1,6
BRDA:92,29,0,2
BRDA:92,29,1,2
BRDA:107,30,0,126
BRDA:107,30,1,124
BRDA:107,31,0,84
BRDA:107,31,1,40
BRF:88
BRH:49
end_of_record
TN:
SF:src/components/MarkdownComponents.tsx
FN:3,(anonymous_0)
FN:8,(anonymous_1)
FN:13,(anonymous_2)
FN:18,(anonymous_3)
FN:23,(anonymous_4)
FN:28,(anonymous_5)
FN:33,(anonymous_6)
FN:38,(anonymous_7)
FN:5,(anonymous_0)
FN:6,(anonymous_1)
FN:7,(anonymous_2)
FN:8,(anonymous_3)
FN:9,(anonymous_4)
FN:10,(anonymous_5)
FN:11,(anonymous_6)
FN:12,(anonymous_7)
FNF:16
FNH:11
FNDA:12,(anonymous_0)
FNDA:20,(anonymous_1)
FNDA:0,(anonymous_2)
FNDA:20,(anonymous_3)
FNDA:0,(anonymous_4)
FNDA:0,(anonymous_5)
FNDA:0,(anonymous_6)
FNDA:0,(anonymous_7)
FNDA:6,(anonymous_0)
FNDA:6,(anonymous_1)
FNDA:6,(anonymous_2)
FNDA:12,(anonymous_3)
FNDA:6,(anonymous_4)
FNDA:8,(anonymous_5)
FNDA:12,(anonymous_6)
FNDA:6,(anonymous_7)
DA:2,22
DA:3,12
DA:4,4
DA:5,6
DA:6,6
DA:7,6
DA:8,20
DA:9,6
DA:10,8
DA:11,12
DA:12,6
DA:13,0
DA:18,20
DA:23,0
DA:28,0
DA:33,0
DA:38,0
LF:17
LH:12
BRF:0
BRH:0
end_of_record
TN:
SF:src/components/PrivateRoute.tsx
FN:24,(anonymous_0)
FN:28,(anonymous_1)
FN:45,(anonymous_2)
FN:57,(anonymous_3)
FN:59,(anonymous_4)
FN:15,(anonymous_0)
FN:20,(anonymous_1)
FNF:7
FNH:4
FNDA:56,(anonymous_0)
FNDA:38,(anonymous_1)
FNDA:11,(anonymous_2)
FNDA:22,(anonymous_3)
FNDA:0,(anonymous_4)
FNDA:0,(anonymous_0)
FNDA:0,(anonymous_1)
DA:3,22
DA:6,22
DA:7,22
DA:8,0
DA:11,14
DA:12,22
DA:13,22
DA:14,22
DA:15,22
DA:16,0
DA:17,22
DA:20,0
DA:21,22
DA:22,0
DA:23,0
DA:24,22
DA:25,56
DA:26,56
DA:27,56
DA:28,56
DA:29,56
DA:30,22
DA:31,34
DA:32,10
DA:33,10
DA:38,0
DA:39,24
DA:45,22
DA:46,11
DA:48,22
DA:51,22
DA:52,22
DA:53,22
DA:54,22
DA:56,22
DA:57,22
DA:58,22
DA:59,22
DA:60,0
DA:61,0
DA:62,0
LF:41
LH:32
BRDA:3,0,0,22
BRDA:3,0,1,0
BRDA:6,1,0,22
BRDA:6,1,1,0
BRDA:6,2,0,22
BRDA:6,2,1,22
BRDA:7,3,0,0
BRDA:7,3,1,22
BRDA:29,4,0,22
BRDA:29,4,1,34
BRDA:31,5,0,10
BRDA:31,5,1,24
BRDA:52,6,0,22
BRDA:52,6,1,0
BRDA:52,7,0,22
BRDA:52,7,1,22
BRDA:56,8,0,22
BRDA:56,8,1,0
BRDA:56,9,0,22
BRDA:56,9,1,22
BRDA:60,10,0,0
BRDA:60,10,1,0
BRDA:62,11,0,0
BRDA:62,11,1,0
BRDA:22,12,0,0
BRDA:22,12,1,0
BRDA:24,13,0,0
BRDA:24,13,1,0
BRF:28
BRH:15
end_of_record
TN:
SF:src/components/ProfileDialog.tsx
FN:34,ProfileDialog
FN:48,(anonymous_1)
FN:51,(anonymous_2)
FN:61,(anonymous_3)
FN:67,(anonymous_4)
FN:69,(anonymous_5)
FN:74,(anonymous_6)
FN:76,(anonymous_7)
FN:81,(anonymous_8)
FN:105,(anonymous_9)
FN:110,(anonymous_10)
FN:303,(anonymous_11)
FN:303,(anonymous_12)
FN:325,(anonymous_13)
FN:350,(anonymous_14)
FN:361,(anonymous_15)
FN:363,(anonymous_16)
FN:23,ProfileDialog
FN:37,(anonymous_1)
FN:41,(anonymous_2)
FN:52,(anonymous_3)
FN:59,(anonymous_4)
FN:61,(anonymous_5)
FN:67,(anonymous_6)
FN:70,(anonymous_7)
FN:76,(anonymous_8)
FN:97,(anonymous_9)
FN:98,(anonymous_10)
FN:183,(anonymous_11)
FN:183,(anonymous_12)
FN:191,(anonymous_13)
FNF:31
FNH:18
FNDA:68,ProfileDialog
FNDA:40,(anonymous_1)
FNDA:0,(anonymous_2)
FNDA:0,(anonymous_3)
FNDA:0,(anonymous_4)
FNDA:0,(anonymous_5)
FNDA:0,(anonymous_6)
FNDA:6,(anonymous_7)
FNDA:0,(anonymous_8)
FNDA:0,(anonymous_9)
FNDA:0,(anonymous_10)
FNDA:0,(anonymous_11)
FNDA:0,(anonymous_12)
FNDA:0,(anonymous_13)
FNDA:15,(anonymous_14)
FNDA:22,(anonymous_15)
FNDA:0,(anonymous_16)
FNDA:66,ProfileDialog
FNDA:102,(anonymous_1)
FNDA:84,(anonymous_2)
FNDA:2,(anonymous_3)
FNDA:8,(anonymous_4)
FNDA:48,(anonymous_5)
FNDA:8,(anonymous_6)
FNDA:70,(anonymous_7)
FNDA:6,(anonymous_8)
FNDA:68,(anonymous_9)
FNDA:70,(anonymous_10)
FNDA:2,(anonymous_11)
FNDA:70,(anonymous_12)
FNDA:0,(anonymous_13)
DA:3,22
DA:6,22
DA:7,22
DA:8,0
DA:12,22
DA:13,22
DA:14,22
DA:15,22
DA:17,22
DA:24,66
DA:25,66
DA:26,66
DA:27,66
DA:28,66
DA:35,68
DA:36,68
DA:37,68
DA:38,68
DA:39,68
DA:40,68
DA:42,16
DA:43,16
DA:47,68
DA:48,68
DA:49,40
DA:50,16
DA:51,0
DA:52,0
DA:53,2
DA:54,2
DA:59,66
DA:60,8
DA:61,48
DA:62,8
DA:63,8
DA:67,68
DA:68,8
DA:69,8
DA:71,2
DA:72,2
DA:73,2
DA:74,68
DA:75,0
DA:76,0
DA:77,6
DA:78,2
DA:79,0
DA:80,4
DA:82,0
DA:83,0
DA:85,66
DA:89,68
DA:97,68
DA:98,70
DA:105,0
DA:110,0
DA:183,70
DA:191,0
DA:303,0
DA:325,0
DA:350,22
DA:351,15
DA:353,22
DA:355,22
DA:356,22
DA:357,22
DA:358,22
DA:360,22
DA:361,22
DA:362,22
DA:363,22
DA:364,0
DA:365,0
DA:366,0
LF:74
LH:58
BRDA:3,0,0,22
BRDA:3,0,1,0
BRDA:6,1,0,22
BRDA:6,1,1,0
BRDA:6,2,0,22
BRDA:6,2,1,22
BRDA:7,3,0,0
BRDA:7,3,1,22
BRDA:49,4,0,0
BRDA:49,4,1,40
BRDA:56,5,0,0
BRDA:56,5,1,0
BRDA:57,6,0,0
BRDA:57,6,1,0
BRDA:58,7,0,0
BRDA:58,7,1,0
BRDA:71,8,0,0
BRDA:71,8,1,0
BRDA:82,9,0,0
BRDA:82,9,1,0
BRDA:99,10,0,68
BRDA:99,10,1,0
BRDA:105,11,0,0
BRDA:105,11,1,0
BRDA:110,12,0,0
BRDA:110,12,1,0
BRDA:120,13,0,0
BRDA:120,13,1,0
BRDA:121,14,0,0
BRDA:121,14,1,0
BRDA:244,15,0,0
BRDA:244,15,1,0
BRDA:293,16,0,0
BRDA:293,16,1,0
BRDA:356,17,0,22
BRDA:356,17,1,0
BRDA:356,18,0,22
BRDA:356,18,1,22
BRDA:360,19,0,22
BRDA:360,19,1,0
BRDA:360,20,0,22
BRDA:360,20,1,22
BRDA:364,21,0,0
BRDA:364,21,1,0
BRDA:366,22,0,0
BRDA:366,22,1,0
BRDA:38,23,0,20
BRDA:38,23,1,14
BRDA:46,24,0,16
BRDA:46,24,1,0
BRDA:47,25,0,16
BRDA:47,25,1,16
BRDA:48,26,0,16
BRDA:48,26,1,16
BRDA:63,27,0,4
BRDA:63,27,1,4
BRDA:77,28,0,2
BRDA:77,28,1,4
BRDA:92,29,0,34
BRDA:92,29,1,32
BRDA:97,30,0,28
BRDA:97,30,1,4
BRDA:98,31,0,4
BRDA:98,31,1,28
BRDA:101,32,0,32
BRDA:101,32,1,28
BRDA:104,33,0,24
BRDA:104,33,1,4
BRDA:159,34,0,28
BRDA:159,34,1,26
BRDA:178,35,0,32
BRDA:178,35,1,4
BRF:72
BRH:38
end_of_record
TN:
SF:src/components/PublicEventCard.tsx
FN:43,(anonymous_0)
FN:52,(anonymous_1)
FN:208,(anonymous_2)
FN:219,(anonymous_3)
FN:221,(anonymous_4)
FN:37,(anonymous_0)
FN:47,(anonymous_1)
FNF:7
FNH:5
FNDA:2,(anonymous_0)
FNDA:0,(anonymous_1)
FNDA:1,(anonymous_2)
FNDA:22,(anonymous_3)
FNDA:0,(anonymous_4)
FNDA:34,(anonymous_0)
FNDA:2,(anonymous_1)
DA:3,22
DA:6,22
DA:7,22
DA:8,0
DA:12,22
DA:13,22
DA:14,22
DA:15,22
DA:17,22
DA:21,4
DA:22,22
DA:29,22
DA:36,22
DA:37,4
DA:38,34
DA:41,34
DA:43,34
DA:44,2
DA:45,2
DA:46,2
DA:47,2
DA:52,0
DA:208,22
DA:209,1
DA:211,22
DA:213,22
DA:214,22
DA:215,22
DA:216,22
DA:218,22
DA:219,22
DA:220,22
DA:221,22
DA:222,0
DA:223,0
DA:224,0
LF:36
LH:31
BRDA:3,0,0,22
BRDA:3,0,1,0
BRDA:6,1,0,22
BRDA:6,1,1,0
BRDA:6,2,0,22
BRDA:6,2,1,22
BRDA:7,3,0,0
BRDA:7,3,1,22
BRDA:43,4,0,0
BRDA:85,5,0,2
BRDA:85,5,1,0
BRDA:85,5,2,0
BRDA:120,6,0,2
BRDA:120,6,1,0
BRDA:146,7,0,2
BRDA:146,7,1,0
BRDA:214,8,0,22
BRDA:214,8,1,0
BRDA:214,9,0,22
BRDA:214,9,1,22
BRDA:218,10,0,22
BRDA:218,10,1,0
BRDA:218,11,0,22
BRDA:218,11,1,22
BRDA:222,12,0,0
BRDA:222,12,1,0
BRDA:224,13,0,0
BRDA:224,13,1,0
BRDA:37,14,0,6
BRDA:66,15,0,34
BRDA:66,15,1,28
BRDA:66,15,2,22
BRDA:84,16,0,34
BRDA:84,16,1,0
BRDA:91,17,0,34
BRDA:91,17,1,28
BRF:36
BRH:21
end_of_record
TN:
SF:src/components/ThemeToggle.tsx
FN:21,ThemeToggle
FN:24,(anonymous_1)
FN:31,(anonymous_2)
FN:74,(anonymous_3)
FN:76,(anonymous_4)
FN:5,ThemeToggle
FN:8,(anonymous_1)
FN:18,(anonymous_2)
FNF:8
FNH:5
FNDA:92,ThemeToggle
FNDA:47,(anonymous_1)
FNDA:0,(anonymous_2)
FNDA:22,(anonymous_3)
FNDA:0,(anonymous_4)
FNDA:80,ThemeToggle
FNDA:40,(anonymous_1)
FNDA:0,(anonymous_2)
DA:3,22
DA:6,80
DA:7,22
DA:8,80
DA:10,40
DA:11,40
DA:12,40
DA:13,22
DA:14,40
DA:15,40
DA:17,22
DA:18,80
DA:19,0
DA:20,0
DA:21,0
DA:22,92
DA:23,92
DA:24,92
DA:25,80
DA:26,47
DA:27,47
DA:28,47
DA:29,47
DA:31,92
DA:32,0
DA:33,0
DA:34,0
DA:35,0
DA:37,92
DA:65,22
DA:66,22
DA:68,22
DA:69,22
DA:70,22
DA:71,22
DA:73,22
DA:74,22
DA:75,22
DA:76,22
DA:77,0
DA:78,0
DA:79,0
LF:42
LH:32
BRDA:3,0,0,22
BRDA:3,0,1,0
BRDA:6,1,0,22
BRDA:6,1,1,0
BRDA:6,2,0,22
BRDA:6,2,1,22
BRDA:7,3,0,0
BRDA:7,3,1,22
BRDA:27,4,0,47
BRDA:27,4,1,47
BRDA:27,5,0,0
BRDA:27,5,1,47
BRDA:32,6,0,0
BRDA:32,6,1,0
BRDA:45,7,0,92
BRDA:45,7,1,0
BRDA:69,8,0,22
BRDA:69,8,1,0
BRDA:69,9,0,22
BRDA:69,9,1,22
BRDA:73,10,0,22
BRDA:73,10,1,0
BRDA:73,11,0,22
BRDA:73,11,1,22
BRDA:77,12,0,0
BRDA:77,12,1,0
BRDA:79,13,0,0
BRDA:79,13,1,0
BRDA:12,14,0,40
BRDA:12,14,1,40
BRDA:12,15,0,0
BRDA:12,15,1,40
BRDA:19,16,0,0
BRDA:19,16,1,0
BRDA:33,17,0,80
BRDA:33,17,1,0
BRF:36
BRH:19
end_of_record
TN:
SF:src/components/appointments/AppointmentCalendar.tsx
FN:46,(anonymous_0)
FN:57,(anonymous_1)
FN:79,(anonymous_2)
FN:97,(anonymous_3)
FN:135,(anonymous_4)
FN:153,(anonymous_5)
FN:171,(anonymous_6)
FN:195,(anonymous_7)
FN:199,(anonymous_8)
FN:204,(anonymous_9)
FN:334,(anonymous_10)
FN:338,(anonymous_11)
FN:371,AppointmentCalendar
FN:382,(anonymous_13)
FN:409,(anonymous_14)
FN:423,(anonymous_15)
FN:424,(anonymous_16)
FN:425,(anonymous_17)
FN:442,(anonymous_18)
FN:456,(anonymous_19)
FN:458,(anonymous_20)
FN:50,(anonymous_0)
FN:59,(anonymous_1)
FN:67,(anonymous_2)
FN:75,(anonymous_3)
FN:88,(anonymous_4)
FN:96,(anonymous_5)
FN:104,(anonymous_6)
FN:114,(anonymous_7)
FN:122,(anonymous_8)
FN:212,(anonymous_9)
FN:243,AppointmentCalendar
FN:255,(anonymous_11)
FN:283,(anonymous_12)
FN:297,(anonymous_13)
FN:299,(anonymous_14)
FN:301,(anonymous_15)
FNF:37
FNH:16
FNDA:0,(anonymous_0)
FNDA:0,(anonymous_1)
FNDA:0,(anonymous_2)
FNDA:0,(anonymous_3)
FNDA:0,(anonymous_4)
FNDA:0,(anonymous_5)
FNDA:0,(anonymous_6)
FNDA:0,(anonymous_7)
FNDA:0,(anonymous_8)
FNDA:0,(anonymous_9)
FNDA:0,(anonymous_10)
FNDA:0,(anonymous_11)
FNDA:0,AppointmentCalendar
FNDA:0,(anonymous_13)
FNDA:0,(anonymous_14)
FNDA:0,(anonymous_15)
FNDA:0,(anonymous_16)
FNDA:0,(anonymous_17)
FNDA:0,(anonymous_18)
FNDA:22,(anonymous_19)
FNDA:0,(anonymous_20)
FNDA:54,(anonymous_0)
FNDA:4,(anonymous_1)
FNDA:4,(anonymous_2)
FNDA:4,(anonymous_3)
FNDA:4,(anonymous_4)
FNDA:4,(anonymous_5)
FNDA:6,(anonymous_6)
FNDA:60,(anonymous_7)
FNDA:60,(anonymous_8)
FNDA:64,(anonymous_9)
FNDA:46,AppointmentCalendar
FNDA:84,(anonymous_11)
FNDA:0,(anonymous_12)
FNDA:826,(anonymous_13)
FNDA:40,(anonymous_14)
FNDA:10,(anonymous_15)
DA:3,22
DA:6,22
DA:7,22
DA:8,0
DA:12,22
DA:13,22
DA:14,22
DA:15,22
DA:17,22
DA:24,6
DA:28,22
DA:39,22
DA:46,22
DA:47,0
DA:48,0
DA:49,0
DA:50,6
DA:51,54
DA:52,54
DA:57,0
DA:59,4
DA:67,4
DA:75,4
DA:79,0
DA:88,4
DA:96,4
DA:97,0
DA:104,6
DA:114,6
DA:115,60
DA:116,60
DA:117,60
DA:122,60
DA:123,60
DA:124,26
DA:125,26
DA:126,26
DA:127,14
DA:129,12
DA:131,34
DA:134,60
DA:135,0
DA:137,60
DA:141,60
DA:145,60
DA:146,60
DA:149,60
DA:150,60
DA:152,60
DA:153,0
DA:171,0
DA:195,22
DA:196,0
DA:198,22
DA:199,22
DA:200,0
DA:201,0
DA:202,0
DA:203,0
DA:204,0
DA:205,0
DA:206,0
DA:207,0
DA:208,0
DA:209,0
DA:211,0
DA:212,6
DA:213,64
DA:214,64
DA:215,0
DA:216,0
DA:217,0
DA:218,64
DA:219,0
DA:220,0
DA:221,0
DA:222,0
DA:231,64
DA:253,46
DA:255,46
DA:256,84
DA:267,46
DA:283,0
DA:298,826
DA:300,40
DA:302,10
DA:334,22
DA:335,0
DA:337,22
DA:338,22
DA:339,0
DA:340,0
DA:341,0
DA:353,0
DA:370,22
DA:380,0
DA:381,0
DA:382,0
DA:383,0
DA:393,0
DA:409,0
DA:423,0
DA:424,0
DA:425,0
DA:442,22
DA:443,0
DA:445,22
DA:447,22
DA:448,22
DA:449,22
DA:450,22
DA:451,22
DA:452,22
DA:453,22
DA:455,22
DA:456,22
DA:457,22
DA:458,22
DA:459,0
DA:460,0
DA:461,0
LF:121
LH:73
BRDA:3,0,0,22
BRDA:3,0,1,0
BRDA:6,1,0,22
BRDA:6,1,1,0
BRDA:6,2,0,22
BRDA:6,2,1,22
BRDA:7,3,0,0
BRDA:7,3,1,22
BRDA:133,4,0,0
BRDA:133,4,1,0
BRDA:136,5,0,0
BRDA:136,5,1,0
BRDA:151,6,0,0
BRDA:151,6,1,0
BRDA:154,7,0,0
BRDA:154,7,1,0
BRDA:169,8,0,0
BRDA:169,8,1,0
BRDA:172,9,0,0
BRDA:172,9,1,0
BRDA:203,10,0,0
BRDA:203,10,1,0
BRDA:203,11,0,0
BRDA:203,11,1,0
BRDA:205,12,0,0
BRDA:205,12,1,0
BRDA:205,13,0,0
BRDA:205,13,1,0
BRDA:208,14,0,0
BRDA:208,14,1,0
BRDA:216,15,0,0
BRDA:216,15,1,0
BRDA:217,16,0,0
BRDA:217,16,1,0
BRDA:219,17,0,0
BRDA:219,17,1,0
BRDA:219,17,2,0
BRDA:244,18,0,0
BRDA:244,18,1,0
BRDA:271,19,0,0
BRDA:271,19,1,0
BRDA:295,20,0,0
BRDA:295,20,1,0
BRDA:295,20,2,0
BRDA:296,21,0,0
BRDA:296,21,1,0
BRDA:312,22,0,0
BRDA:312,22,1,0
BRDA:340,23,0,0
BRDA:340,23,1,0
BRDA:340,24,0,0
BRDA:340,24,1,0
BRDA:342,25,0,0
BRDA:342,25,1,0
BRDA:344,26,0,0
BRDA:344,26,1,0
BRDA:421,27,0,0
BRDA:421,27,1,0
BRDA:421,28,0,0
BRDA:421,28,1,0
BRDA:451,29,0,22
BRDA:451,29,1,0
BRDA:451,30,0,22
BRDA:451,30,1,22
BRDA:455,31,0,22
BRDA:455,31,1,0
BRDA:455,32,0,22
BRDA:455,32,1,22
BRDA:459,33,0,0
BRDA:459,33,1,0
BRDA:461,34,0,0
BRDA:461,34,1,0
BRDA:86,35,0,34
BRDA:86,35,1,20
BRDA:89,36,0,54
BRDA:89,36,1,34
BRDA:94,37,0,20
BRDA:94,37,1,34
BRDA:97,38,0,54
BRDA:97,38,1,20
BRDA:102,39,0,0
BRDA:102,39,1,54
BRDA:105,40,0,54
BRDA:105,40,1,0
BRDA:117,41,0,12
BRDA:117,41,1,48
BRDA:117,42,0,60
BRDA:117,42,1,14
BRDA:123,43,0,26
BRDA:123,43,1,34
BRDA:123,44,0,60
BRDA:123,44,1,36
BRDA:126,45,0,14
BRDA:126,45,1,12
BRDA:137,46,0,14
BRDA:137,46,1,46
BRDA:141,47,0,14
BRDA:141,47,1,46
BRDA:146,48,0,60
BRDA:146,48,1,0
BRDA:146,48,2,0
BRDA:171,49,0,14
BRDA:171,49,1,46
BRDA:180,50,0,60
BRDA:180,50,1,26
BRDA:191,51,0,60
BRDA:191,51,1,48
BRDA:191,51,2,14
BRDA:195,52,0,14
BRDA:195,52,1,12
BRDA:201,53,0,14
BRDA:201,53,1,14
BRDA:214,54,0,12
BRDA:214,54,1,52
BRDA:214,55,0,64
BRDA:214,55,1,12
BRDA:219,56,0,12
BRDA:219,56,1,52
BRDA:221,57,0,12
BRDA:221,57,1,52
BRDA:295,58,0,42
BRDA:295,58,1,4
BRDA:295,59,0,2
BRDA:295,59,1,2
BRF:124
BRH:59
end_of_record
TN:
SF:src/components/appointments/AppointmentDetails.tsx
FN:31,AppointmentDetails
FN:53,(anonymous_1)
FN:62,(anonymous_2)
FN:329,(anonymous_3)
FN:331,(anonymous_4)
FN:25,AppointmentDetails
FN:54,(anonymous_1)
FN:59,(anonymous_2)
FNF:8
FNH:3
FNDA:0,AppointmentDetails
FNDA:0,(anonymous_1)
FNDA:0,(anonymous_2)
FNDA:22,(anonymous_3)
FNDA:0,(anonymous_4)
FNDA:8,AppointmentDetails
FNDA:0,(anonymous_1)
FNDA:2,(anonymous_2)
DA:3,22
DA:6,22
DA:7,22
DA:8,0
DA:12,22
DA:13,22
DA:14,22
DA:15,22
DA:32,8
DA:34,8
DA:35,8
DA:36,8
DA:38,0
DA:39,8
DA:40,0
DA:41,0
DA:42,8
DA:43,0
DA:44,0
DA:45,8
DA:47,8
DA:53,0
DA:54,0
DA:59,2
DA:62,0
DA:321,22
DA:323,22
DA:324,22
DA:325,22
DA:326,22
DA:328,22
DA:329,22
DA:330,22
DA:331,22
DA:332,0
DA:333,0
DA:334,0
LF:37
LH:25
BRDA:3,0,0,22
BRDA:3,0,1,0
BRDA:6,1,0,22
BRDA:6,1,1,0
BRDA:6,2,0,22
BRDA:6,2,1,22
BRDA:7,3,0,0
BRDA:7,3,1,22
BRDA:38,4,0,0
BRDA:38,4,1,0
BRDA:42,5,0,0
BRDA:42,5,1,0
BRDA:53,6,0,0
BRDA:53,6,1,0
BRDA:62,7,0,0
BRDA:62,7,1,0
BRDA:102,8,0,0
BRDA:102,8,1,0
BRDA:168,9,0,0
BRDA:168,9,1,0
BRDA:168,9,2,0
BRDA:175,10,0,0
BRDA:175,10,1,0
BRDA:175,11,0,0
BRDA:175,11,1,0
BRDA:175,11,2,0
BRDA:175,12,0,0
BRDA:175,12,1,0
BRDA:175,12,2,0
BRDA:175,13,0,0
BRDA:175,13,1,0
BRDA:175,13,2,0
BRDA:175,14,0,0
BRDA:175,14,1,0
BRDA:175,14,2,0
BRDA:189,15,0,0
BRDA:189,15,1,0
BRDA:194,16,0,0
BRDA:194,16,1,0
BRDA:194,17,0,0
BRDA:194,17,1,0
BRDA:194,17,2,0
BRDA:194,18,0,0
BRDA:194,18,1,0
BRDA:194,18,2,0
BRDA:194,19,0,0
BRDA:194,19,1,0
BRDA:194,19,2,0
BRDA:194,20,0,0
BRDA:194,20,1,0
BRDA:194,20,2,0
BRDA:209,21,0,0
BRDA:209,21,1,0
BRDA:209,21,2,0
BRDA:209,21,3,0
BRDA:209,22,0,0
BRDA:209,22,1,0
BRDA:209,22,2,0
BRDA:209,23,0,0
BRDA:209,23,1,0
BRDA:209,23,2,0
BRDA:209,24,0,0
BRDA:209,24,1,0
BRDA:209,24,2,0
BRDA:232,25,0,0
BRDA:232,25,1,0
BRDA:243,26,0,0
BRDA:243,26,1,0
BRDA:279,27,0,0
BRDA:279,27,1,0
BRDA:324,28,0,22
BRDA:324,28,1,0
BRDA:324,29,0,22
BRDA:324,29,1,22
BRDA:328,30,0,22
BRDA:328,30,1,0
BRDA:328,31,0,22
BRDA:328,31,1,22
BRDA:332,32,0,0
BRDA:332,32,1,0
BRDA:334,33,0,0
BRDA:334,33,1,0
BRDA:32,34,0,0
BRDA:32,34,1,8
BRDA:39,35,0,8
BRDA:39,35,1,2
BRDA:53,36,0,8
BRDA:53,36,1,0
BRDA:58,37,0,8
BRDA:58,37,1,2
BRDA:81,38,0,8
BRDA:81,38,1,6
BRDA:105,39,0,8
BRDA:105,39,1,8
BRDA:105,39,2,8
BRDA:115,40,0,8
BRDA:115,40,1,0
BRDA:115,41,0,8
BRDA:115,41,1,8
BRDA:115,41,2,0
BRDA:115,42,0,8
BRDA:115,42,1,8
BRDA:115,42,2,0
BRDA:116,43,0,8
BRDA:116,43,1,8
BRDA:116,43,2,0
BRDA:117,44,0,0
BRDA:117,44,1,0
BRDA:117,44,2,0
BRDA:124,45,0,8
BRDA:124,45,1,8
BRDA:127,46,0,8
BRDA:127,46,1,0
BRDA:127,47,0,8
BRDA:127,47,1,8
BRDA:127,47,2,0
BRDA:127,48,0,8
BRDA:127,48,1,8
BRDA:127,48,2,0
BRDA:128,49,0,8
BRDA:128,49,1,8
BRDA:128,49,2,0
BRDA:129,50,0,0
BRDA:129,50,1,0
BRDA:129,50,2,0
BRDA:135,51,0,8
BRDA:135,51,1,8
BRDA:135,51,2,8
BRDA:135,51,3,8
BRDA:136,52,0,8
BRDA:136,52,1,8
BRDA:136,52,2,0
BRDA:137,53,0,8
BRDA:137,53,1,8
BRDA:137,53,2,0
BRDA:138,54,0,8
BRDA:138,54,1,8
BRDA:138,54,2,0
BRDA:155,55,0,8
BRDA:155,55,1,0
BRDA:160,56,0,8
BRDA:160,56,1,0
BRDA:173,57,0,8
BRDA:173,57,1,8
BRF:144
BRH:52
end_of_record
TN:
SF:src/components/appointments/AppointmentSidebar.tsx
FN:22,AppointmentSidebar
FN:39,(anonymous_1)
FN:86,(anonymous_2)
FN:92,(anonymous_3)
FN:155,(anonymous_4)
FN:157,(anonymous_5)
FN:16,AppointmentSidebar
FN:34,(anonymous_1)
FN:71,(anonymous_2)
FN:76,(anonymous_3)
FNF:10
FNH:4
FNDA:0,AppointmentSidebar
FNDA:0,(anonymous_1)
FNDA:0,(anonymous_2)
FNDA:0,(anonymous_3)
FNDA:22,(anonymous_4)
FNDA:0,(anonymous_5)
FNDA:8,AppointmentSidebar
FNDA:0,(anonymous_1)
FNDA:12,(anonymous_2)
FNDA:4,(anonymous_3)
DA:3,22
DA:6,22
DA:7,22
DA:8,0
DA:12,22
DA:13,22
DA:14,22
DA:15,22
DA:23,8
DA:25,8
DA:29,0
DA:30,0
DA:34,0
DA:39,0
DA:72,12
DA:76,4
DA:86,0
DA:92,0
DA:147,22
DA:149,22
DA:150,22
DA:151,22
DA:152,22
DA:154,22
DA:155,22
DA:156,22
DA:157,22
DA:158,0
DA:159,0
DA:160,0
LF:30
LH:20
BRDA:3,0,0,22
BRDA:3,0,1,0
BRDA:6,1,0,22
BRDA:6,1,1,0
BRDA:6,2,0,22
BRDA:6,2,1,22
BRDA:7,3,0,0
BRDA:7,3,1,22
BRDA:81,4,0,0
BRDA:81,4,1,0
BRDA:97,5,0,0
BRDA:97,5,1,0
BRDA:150,6,0,22
BRDA:150,6,1,0
BRDA:150,7,0,22
BRDA:150,7,1,22
BRDA:154,8,0,22
BRDA:154,8,1,0
BRDA:154,9,0,22
BRDA:154,9,1,22
BRDA:158,10,0,0
BRDA:158,10,1,0
BRDA:160,11,0,0
BRDA:160,11,1,0
BRDA:65,12,0,2
BRDA:65,12,1,6
BRDA:81,13,0,6
BRDA:81,13,1,6
BRF:28
BRH:15
end_of_record
TN:
SF:src/components/appointments/EventDetails.tsx
FN:20,EventDetails
FN:233,(anonymous_1)
FN:235,(anonymous_2)
FN:11,EventDetails
FNF:4
FNH:2
FNDA:0,EventDetails
FNDA:22,(anonymous_1)
FNDA:0,(anonymous_2)
FNDA:8,EventDetails
DA:3,22
DA:6,22
DA:7,22
DA:8,0
DA:12,22
DA:13,22
DA:14,22
DA:15,22
DA:21,0
DA:22,0
DA:23,0
DA:225,22
DA:227,22
DA:228,22
DA:229,22
DA:230,22
DA:232,22
DA:233,22
DA:234,22
DA:235,22
DA:236,0
DA:237,0
DA:238,0
LF:23
LH:16
BRDA:3,0,0,22
BRDA:3,0,1,0
BRDA:6,1,0,22
BRDA:6,1,1,0
BRDA:6,2,0,22
BRDA:6,2,1,22
BRDA:7,3,0,0
BRDA:7,3,1,22
BRDA:21,4,0,0
BRDA:21,4,1,0
BRDA:22,5,0,0
BRDA:22,5,1,0
BRDA:26,6,0,0
BRDA:26,6,1,0
BRDA:26,6,2,0
BRDA:130,7,0,0
BRDA:130,7,1,0
BRDA:157,8,0,0
BRDA:157,8,1,0
BRDA:189,9,0,0
BRDA:189,9,1,0
BRDA:228,10,0,22
BRDA:228,10,1,0
BRDA:228,11,0,22
BRDA:228,11,1,22
BRDA:232,12,0,22
BRDA:232,12,1,0
BRDA:232,13,0,22
BRDA:232,13,1,22
BRDA:236,14,0,0
BRDA:236,14,1,0
BRDA:238,15,0,0
BRDA:238,15,1,0
BRDA:12,16,0,30
BRDA:12,16,1,8
BRDA:13,17,0,30
BRDA:13,17,1,8
BRDA:21,18,0,8
BRDA:21,18,1,8
BRDA:21,18,2,0
BRDA:63,19,0,8
BRDA:63,19,1,6
BRDA:76,20,0,8
BRDA:76,20,1,6
BRDA:93,21,0,8
BRDA:93,21,1,2
BRF:46
BRH:23
end_of_record
TN:
SF:src/components/ui/alert-dialog.tsx
FN:16,(anonymous_0)
FN:31,(anonymous_1)
FN:46,(anonymous_2)
FN:60,(anonymous_3)
FN:77,(anonymous_4)
FN:89,(anonymous_5)
FN:102,(anonymous_6)
FN:114,(anonymous_7)
FNF:8
FNH:0
FNDA:0,(anonymous_0)
FNDA:0,(anonymous_1)
FNDA:0,(anonymous_2)
FNDA:0,(anonymous_3)
FNDA:0,(anonymous_4)
FNDA:0,(anonymous_5)
FNDA:0,(anonymous_6)
FNDA:0,(anonymous_7)
DA:7,0
DA:9,0
DA:11,0
DA:13,0
DA:17,0
DA:26,0
DA:28,0
DA:32,0
DA:44,0
DA:46,0
DA:50,0
DA:58,0
DA:60,0
DA:64,0
DA:72,0
DA:74,0
DA:78,0
DA:84,0
DA:86,0
DA:90,0
DA:96,0
DA:99,0
DA:103,0
DA:109,0
DA:111,0
DA:115,0
DA:125,0
LF:27
LH:0
BRF:0
BRH:0
end_of_record
TN:
SF:src/components/ui/avatar.tsx
FN:22,(anonymous_0)
FN:45,(anonymous_1)
FN:65,(anonymous_2)
FN:100,(anonymous_3)
FN:102,(anonymous_4)
FN:11,(anonymous_0)
FN:26,(anonymous_1)
FN:38,(anonymous_2)
FNF:8
FNH:7
FNDA:90,(anonymous_0)
FNDA:90,(anonymous_1)
FNDA:90,(anonymous_2)
FNDA:22,(anonymous_3)
FNDA:0,(anonymous_4)
FNDA:228,(anonymous_0)
FNDA:228,(anonymous_1)
FNDA:228,(anonymous_2)
DA:3,22
DA:6,22
DA:7,22
DA:8,6
DA:12,228
DA:13,22
DA:14,22
DA:15,22
DA:17,22
DA:21,22
DA:22,90
DA:23,6
DA:27,228
DA:33,6
DA:35,6
DA:39,228
DA:42,22
DA:43,22
DA:44,22
DA:45,90
DA:48,6
DA:62,22
DA:63,22
DA:64,22
DA:65,90
DA:85,22
DA:86,22
DA:89,22
DA:90,22
DA:91,22
DA:92,22
DA:93,22
DA:94,22
DA:95,22
DA:96,22
DA:97,22
DA:99,22
DA:100,22
DA:101,22
DA:102,22
DA:103,0
DA:104,0
DA:105,0
LF:43
LH:40
BRDA:3,0,0,22
BRDA:3,0,1,0
BRDA:6,1,0,22
BRDA:6,1,1,0
BRDA:6,2,0,22
BRDA:6,2,1,22
BRDA:7,3,0,0
BRDA:7,3,1,22
BRDA:95,4,0,22
BRDA:95,4,1,0
BRDA:95,5,0,22
BRDA:95,5,1,22
BRDA:99,6,0,22
BRDA:99,6,1,0
BRDA:99,7,0,22
BRDA:99,7,1,22
BRDA:103,8,0,0
BRDA:103,8,1,0
BRDA:105,9,0,0
BRDA:105,9,1,0
BRF:20
BRH:11
end_of_record
TN:
SF:src/components/ui/button.tsx
FN:47,(anonymous_0)
FN:78,(anonymous_1)
FN:80,(anonymous_2)
FN:43,(anonymous_0)
FNF:4
FNH:3
FNDA:1718,(anonymous_0)
FNDA:22,(anonymous_1)
FNDA:0,(anonymous_2)
FNDA:3032,(anonymous_0)
DA:3,22
DA:6,22
DA:7,36
DA:8,0
DA:12,22
DA:13,22
DA:14,22
DA:15,22
DA:21,22
DA:42,36
DA:44,3032
DA:45,3032
DA:46,22
DA:48,1718
DA:49,1718
DA:54,36
DA:67,22
DA:68,22
DA:71,22
DA:72,22
DA:73,22
DA:74,22
DA:75,22
DA:77,22
DA:78,22
DA:79,22
DA:80,22
DA:81,0
DA:82,0
DA:83,0
LF:30
LH:26
BRDA:3,0,0,22
BRDA:3,0,1,0
BRDA:6,1,0,22
BRDA:6,1,1,0
BRDA:6,2,0,22
BRDA:6,2,1,22
BRDA:7,3,0,0
BRDA:7,3,1,22
BRDA:47,4,0,1606
BRDA:48,5,0,112
BRDA:48,5,1,1606
BRDA:73,6,0,22
BRDA:73,6,1,0
BRDA:73,7,0,22
BRDA:73,7,1,22
BRDA:77,8,0,22
BRDA:77,8,1,0
BRDA:77,9,0,22
BRDA:77,9,1,22
BRDA:81,10,0,0
BRDA:81,10,1,0
BRDA:83,11,0,0
BRDA:83,11,1,0
BRDA:43,12,0,2942
BRDA:44,13,0,90
BRDA:44,13,1,2942
BRF:26
BRH:17
end_of_record
TN:
SF:src/components/ui/calendar.tsx
FN:31,Calendar
FN:58,(anonymous_1)
FN:59,(anonymous_2)
FN:63,(anonymous_3)
FN:134,(anonymous_4)
FN:153,(anonymous_5)
FN:185,(anonymous_6)
FN:210,(anonymous_7)
FN:214,CalendarDayButton
FN:223,(anonymous_9)
FN:266,(anonymous_10)
FN:268,(anonymous_11)
FN:20,Calendar
FN:49,(anonymous_1)
FN:52,(anonymous_2)
FN:56,(anonymous_3)
FN:132,(anonymous_4)
FN:142,(anonymous_5)
FN:163,(anonymous_6)
FN:179,CalendarDayButton
FN:188,(anonymous_8)
FNF:21
FNH:9
FNDA:16,Calendar
FNDA:0,(anonymous_1)
FNDA:26,(anonymous_2)
FNDA:182,(anonymous_3)
FNDA:26,(anonymous_4)
FNDA:52,(anonymous_5)
FNDA:0,(anonymous_6)
FNDA:2,(anonymous_7)
FNDA:910,CalendarDayButton
FNDA:492,(anonymous_9)
FNDA:22,(anonymous_10)
FNDA:0,(anonymous_11)
FNDA:0,Calendar
FNDA:0,(anonymous_1)
FNDA:0,(anonymous_2)
FNDA:0,(anonymous_3)
FNDA:0,(anonymous_4)
FNDA:0,(anonymous_5)
FNDA:0,(anonymous_6)
FNDA:0,CalendarDayButton
FNDA:0,(anonymous_8)
DA:3,22
DA:6,22
DA:7,22
DA:8,0
DA:12,22
DA:13,22
DA:14,22
DA:15,22
DA:17,22
DA:18,22
DA:32,0
DA:33,0
DA:35,0
DA:37,0
DA:41,16
DA:42,16
DA:43,16
DA:44,16
DA:45,16
DA:50,0
DA:53,0
DA:54,0
DA:57,0
DA:58,0
DA:60,26
DA:61,26
DA:64,182
DA:65,182
DA:133,0
DA:135,26
DA:143,0
DA:144,0
DA:149,0
DA:150,0
DA:154,52
DA:155,26
DA:158,0
DA:161,26
DA:162,26
DA:164,0
DA:178,0
DA:185,0
DA:186,0
DA:187,0
DA:188,0
DA:189,0
DA:192,0
DA:210,22
DA:211,2
DA:213,22
DA:220,910
DA:221,910
DA:222,910
DA:223,910
DA:224,492
DA:226,910
DA:255,22
DA:256,22
DA:259,22
DA:260,22
DA:261,22
DA:262,22
DA:263,22
DA:265,22
DA:266,22
DA:267,22
DA:268,22
DA:269,0
DA:270,0
DA:271,0
LF:70
LH:43
BRDA:3,0,0,22
BRDA:3,0,1,0
BRDA:6,1,0,22
BRDA:6,1,1,0
BRDA:6,2,0,22
BRDA:6,2,1,22
BRDA:7,3,0,0
BRDA:7,3,1,22
BRDA:34,4,0,16
BRDA:35,5,0,16
BRDA:36,6,0,16
BRDA:44,7,0,16
BRDA:44,7,1,16
BRDA:44,7,2,0
BRDA:108,8,0,16
BRDA:108,8,1,0
BRDA:154,9,0,26
BRDA:154,9,1,26
BRDA:161,10,0,26
BRDA:161,10,1,0
BRDA:224,11,0,3
BRDA:224,11,1,489
BRDA:234,12,0,910
BRDA:234,12,1,10
BRDA:234,12,2,10
BRDA:234,12,3,10
BRDA:261,13,0,22
BRDA:261,13,1,0
BRDA:261,14,0,22
BRDA:261,14,1,22
BRDA:265,15,0,22
BRDA:265,15,1,0
BRDA:265,16,0,22
BRDA:265,16,1,22
BRDA:269,17,0,0
BRDA:269,17,1,0
BRDA:271,18,0,0
BRDA:271,18,1,0
BRDA:23,19,0,0
BRDA:24,20,0,0
BRDA:25,21,0,0
BRDA:35,22,0,0
BRDA:35,22,1,0
BRDA:35,22,2,0
BRDA:101,23,0,0
BRDA:101,23,1,0
BRDA:143,24,0,0
BRDA:143,24,1,0
BRDA:149,25,0,0
BRDA:149,25,1,0
BRDA:189,26,0,0
BRDA:189,26,1,0
BRDA:200,27,0,0
BRDA:200,27,1,0
BRDA:200,27,2,0
BRDA:200,27,3,0
BRF:56
BRH:26
end_of_record
TN:
SF:src/components/ui/card.tsx
FN:20,(anonymous_0)
FN:43,(anonymous_1)
FN:63,(anonymous_2)
FN:86,(anonymous_3)
FN:106,(anonymous_4)
FN:115,(anonymous_5)
FN:153,(anonymous_6)
FN:155,(anonymous_7)
FN:8,(anonymous_0)
FN:23,(anonymous_1)
FN:35,(anonymous_2)
FN:50,(anonymous_3)
FN:62,(anonymous_4)
FN:70,(anonymous_5)
FNF:14
FNH:13
FNDA:64,(anonymous_0)
FNDA:30,(anonymous_1)
FNDA:30,(anonymous_2)
FNDA:22,(anonymous_3)
FNDA:64,(anonymous_4)
FNDA:28,(anonymous_5)
FNDA:22,(anonymous_6)
FNDA:0,(anonymous_7)
FNDA:398,(anonymous_0)
FNDA:356,(anonymous_1)
FNDA:356,(anonymous_2)
FNDA:204,(anonymous_3)
FNDA:398,(anonymous_4)
FNDA:10,(anonymous_5)
DA:3,22
DA:5,18
DA:6,22
DA:7,22
DA:8,0
DA:9,398
DA:12,22
DA:13,22
DA:14,22
DA:15,22
DA:18,18
DA:19,22
DA:20,64
DA:24,356
DA:30,18
DA:32,18
DA:36,356
DA:40,22
DA:41,22
DA:42,22
DA:43,30
DA:45,18
DA:47,18
DA:51,204
DA:57,18
DA:59,18
DA:60,22
DA:61,22
DA:62,22
DA:63,398
DA:65,18
DA:67,18
DA:71,10
DA:77,18
DA:83,22
DA:84,22
DA:85,22
DA:86,22
DA:103,22
DA:104,22
DA:105,22
DA:106,64
DA:112,22
DA:113,22
DA:114,22
DA:115,28
DA:132,22
DA:133,22
DA:136,22
DA:137,22
DA:138,22
DA:139,22
DA:140,22
DA:141,22
DA:142,22
DA:143,22
DA:144,22
DA:145,22
DA:146,22
DA:147,22
DA:148,22
DA:149,22
DA:150,22
DA:152,22
DA:153,22
DA:154,22
DA:155,22
DA:156,0
DA:157,0
DA:158,0
LF:70
LH:66
BRDA:3,0,0,22
BRDA:3,0,1,0
BRDA:6,1,0,22
BRDA:6,1,1,0
BRDA:6,2,0,22
BRDA:6,2,1,22
BRDA:7,3,0,0
BRDA:7,3,1,22
BRDA:148,4,0,22
BRDA:148,4,1,0
BRDA:148,5,0,22
BRDA:148,5,1,22
BRDA:152,6,0,22
BRDA:152,6,1,0
BRDA:152,7,0,22
BRDA:152,7,1,22
BRDA:156,8,0,0
BRDA:156,8,1,0
BRDA:158,9,0,0
BRDA:158,9,1,0
BRF:20
BRH:11
end_of_record
TN:
SF:src/components/ui/checkbox.tsx
FN:22,(anonymous_0)
FN:72,(anonymous_1)
FN:74,(anonymous_2)
FN:10,(anonymous_0)
FNF:4
FNH:3
FNDA:126,(anonymous_0)
FNDA:22,(anonymous_1)
FNDA:0,(anonymous_2)
FNDA:42,(anonymous_0)
DA:3,22
DA:6,22
DA:7,22
DA:8,0
DA:11,42
DA:12,22
DA:13,22
DA:14,22
DA:15,22
DA:21,22
DA:22,126
DA:26,6
DA:61,22
DA:62,22
DA:65,22
DA:66,22
DA:67,22
DA:68,22
DA:69,22
DA:71,22
DA:72,22
DA:73,22
DA:74,22
DA:75,0
DA:76,0
DA:77,0
LF:26
LH:22
BRDA:3,0,0,22
BRDA:3,0,1,0
BRDA:6,1,0,22
BRDA:6,1,1,0
BRDA:6,2,0,22
BRDA:6,2,1,22
BRDA:7,3,0,0
BRDA:7,3,1,22
BRDA:67,4,0,22
BRDA:67,4,1,0
BRDA:67,5,0,22
BRDA:67,5,1,22
BRDA:71,6,0,22
BRDA:71,6,1,0
BRDA:71,7,0,22
BRDA:71,7,1,22
BRDA:75,8,0,0
BRDA:75,8,1,0
BRDA:77,9,0,0
BRDA:77,9,1,0
BRF:20
BRH:11
end_of_record
TN:
SF:src/components/ui/dialog.tsx
FN:27,(anonymous_0)
FN:50,(anonymous_1)
FN:102,(anonymous_2)
FN:125,(anonymous_3)
FN:149,(anonymous_4)
FN:172,(anonymous_5)
FN:219,(anonymous_6)
FN:221,(anonymous_7)
FN:20,(anonymous_0)
FN:35,(anonymous_1)
FN:56,(anonymous_2)
FN:70,(anonymous_3)
FN:87,(anonymous_4)
FN:102,(anonymous_5)
FNF:14
FNH:13
FNDA:20,(anonymous_0)
FNDA:114,(anonymous_1)
FNDA:16,(anonymous_2)
FNDA:16,(anonymous_3)
FNDA:16,(anonymous_4)
FNDA:16,(anonymous_5)
FNDA:22,(anonymous_6)
FNDA:0,(anonymous_7)
FNDA:92,(anonymous_0)
FNDA:270,(anonymous_1)
FNDA:74,(anonymous_2)
FNDA:74,(anonymous_3)
FNDA:74,(anonymous_4)
FNDA:72,(anonymous_5)
DA:3,22
DA:6,22
DA:7,22
DA:8,0
DA:9,6
DA:11,6
DA:12,22
DA:13,22
DA:14,22
DA:15,22
DA:17,22
DA:21,92
DA:22,22
DA:23,22
DA:24,22
DA:25,22
DA:26,22
DA:27,20
DA:30,6
DA:32,6
DA:36,270
DA:47,22
DA:48,22
DA:49,22
DA:50,114
DA:54,6
DA:56,6
DA:60,74
DA:68,6
DA:70,6
DA:74,74
DA:82,6
DA:84,6
DA:88,74
DA:97,6
DA:99,6
DA:100,22
DA:101,22
DA:102,22
DA:103,72
DA:105,16
DA:109,6
DA:123,22
DA:124,22
DA:125,22
DA:128,16
DA:146,22
DA:147,22
DA:148,22
DA:149,16
DA:169,22
DA:170,22
DA:171,22
DA:172,16
DA:189,22
DA:190,22
DA:204,22
DA:205,22
DA:206,22
DA:207,22
DA:208,22
DA:209,22
DA:210,22
DA:211,22
DA:212,22
DA:213,22
DA:214,22
DA:215,22
DA:216,22
DA:218,22
DA:219,22
DA:220,22
DA:221,22
DA:222,0
DA:223,0
DA:224,0
LF:76
LH:72
BRDA:3,0,0,22
BRDA:3,0,1,0
BRDA:6,1,0,22
BRDA:6,1,1,0
BRDA:6,2,0,22
BRDA:6,2,1,22
BRDA:7,3,0,0
BRDA:7,3,1,22
BRDA:214,4,0,22
BRDA:214,4,1,0
BRDA:214,5,0,22
BRDA:214,5,1,22
BRDA:218,6,0,22
BRDA:218,6,1,0
BRDA:218,7,0,22
BRDA:218,7,1,22
BRDA:222,8,0,0
BRDA:222,8,1,0
BRDA:224,9,0,0
BRDA:224,9,1,0
BRF:20
BRH:11
end_of_record
TN:
SF:src/components/ui/dropdown-menu.tsx
FN:28,(anonymous_0)
FN:60,(anonymous_1)
FN:83,(anonymous_2)
FN:111,(anonymous_3)
FN:135,(anonymous_4)
FN:175,(anonymous_5)
FN:214,(anonymous_6)
FN:238,(anonymous_7)
FN:257,(anonymous_8)
FN:319,(anonymous_9)
FN:321,(anonymous_10)
FN:24,(anonymous_0)
FN:44,(anonymous_1)
FN:60,(anonymous_2)
FN:80,(anonymous_3)
FN:96,(anonymous_4)
FN:120,(anonymous_5)
FN:144,(anonymous_6)
FN:160,(anonymous_7)
FN:169,(anonymous_8)
FNF:20
FNH:7
FNDA:0,(anonymous_0)
FNDA:0,(anonymous_1)
FNDA:90,(anonymous_2)
FNDA:56,(anonymous_3)
FNDA:0,(anonymous_4)
FNDA:0,(anonymous_5)
FNDA:0,(anonymous_6)
FNDA:8,(anonymous_7)
FNDA:0,(anonymous_8)
FNDA:22,(anonymous_9)
FNDA:0,(anonymous_10)
FNDA:0,(anonymous_0)
FNDA:0,(anonymous_1)
FNDA:220,(anonymous_2)
FNDA:84,(anonymous_3)
FNDA:0,(anonymous_4)
FNDA:0,(anonymous_5)
FNDA:0,(anonymous_6)
FNDA:12,(anonymous_7)
FNDA:0,(anonymous_8)
DA:3,22
DA:6,22
DA:7,22
DA:8,0
DA:9,4
DA:11,4
DA:12,22
DA:13,22
DA:14,22
DA:15,22
DA:17,4
DA:19,4
DA:21,22
DA:22,22
DA:23,22
DA:24,22
DA:25,22
DA:26,22
DA:27,22
DA:28,0
DA:38,4
DA:41,4
DA:45,0
DA:54,4
DA:57,22
DA:58,22
DA:59,22
DA:60,0
DA:61,220
DA:73,4
DA:75,4
DA:80,22
DA:81,84
DA:82,22
DA:83,90
DA:91,4
DA:93,4
DA:97,0
DA:108,22
DA:109,22
DA:110,22
DA:111,56
DA:114,4
DA:117,4
DA:121,0
DA:132,22
DA:133,22
DA:134,22
DA:135,0
DA:137,4
DA:139,4
DA:145,0
DA:155,4
DA:157,4
DA:161,12
DA:167,4
DA:169,4
DA:172,22
DA:173,22
DA:174,22
DA:175,0
DA:180,4
DA:211,22
DA:212,22
DA:213,22
DA:214,0
DA:235,22
DA:236,22
DA:237,22
DA:238,8
DA:255,22
DA:256,22
DA:257,22
DA:261,0
DA:277,22
DA:278,22
DA:297,22
DA:298,22
DA:299,22
DA:300,22
DA:301,22
DA:302,22
DA:303,22
DA:304,22
DA:305,22
DA:306,22
DA:307,22
DA:308,22
DA:309,22
DA:310,22
DA:311,22
DA:312,22
DA:313,22
DA:314,22
DA:315,22
DA:316,22
DA:318,22
DA:319,22
DA:320,22
DA:321,22
DA:322,0
DA:323,0
DA:324,0
LF:103
LH:89
BRDA:3,0,0,22
BRDA:3,0,1,0
BRDA:6,1,0,22
BRDA:6,1,1,0
BRDA:6,2,0,22
BRDA:6,2,1,22
BRDA:7,3,0,0
BRDA:7,3,1,22
BRDA:34,4,0,0
BRDA:34,4,1,0
BRDA:83,5,0,90
BRDA:117,6,0,56
BRDA:117,6,1,0
BRDA:220,7,0,0
BRDA:220,7,1,0
BRDA:314,8,0,22
BRDA:314,8,1,0
BRDA:314,9,0,22
BRDA:314,9,1,22
BRDA:318,10,0,22
BRDA:318,10,1,0
BRDA:318,11,0,22
BRDA:318,11,1,22
BRDA:322,12,0,0
BRDA:322,12,1,0
BRDA:324,13,0,0
BRDA:324,13,1,0
BRDA:29,14,0,0
BRDA:29,14,1,0
BRDA:60,15,0,220
BRDA:85,16,0,84
BRDA:85,16,1,0
BRDA:149,17,0,0
BRDA:149,17,1,0
BRF:34
BRH:15
end_of_record
TN:
SF:src/components/ui/input.tsx
FN:20,(anonymous_0)
FN:54,(anonymous_1)
FN:56,(anonymous_2)
FN:6,(anonymous_0)
FNF:4
FNH:3
FNDA:168,(anonymous_0)
FNDA:22,(anonymous_1)
FNDA:0,(anonymous_2)
FNDA:584,(anonymous_0)
DA:3,22
DA:5,12
DA:6,22
DA:7,584
DA:8,0
DA:12,22
DA:13,22
DA:14,22
DA:15,22
DA:19,22
DA:20,12
DA:21,168
DA:43,22
DA:44,22
DA:47,22
DA:48,22
DA:49,22
DA:50,22
DA:51,22
DA:53,22
DA:54,22
DA:55,22
DA:56,22
DA:57,0
DA:58,0
DA:59,0
LF:26
LH:22
BRDA:3,0,0,22
BRDA:3,0,1,0
BRDA:6,1,0,22
BRDA:6,1,1,0
BRDA:6,2,0,22
BRDA:6,2,1,22
BRDA:7,3,0,0
BRDA:7,3,1,22
BRDA:49,4,0,22
BRDA:49,4,1,0
BRDA:49,5,0,22
BRDA:49,5,1,22
BRDA:53,6,0,22
BRDA:53,6,1,0
BRDA:53,7,0,22
BRDA:53,7,1,22
BRDA:57,8,0,0
BRDA:57,8,1,0
BRDA:59,9,0,0
BRDA:59,9,1,0
BRF:20
BRH:11
end_of_record
TN:
SF:src/components/ui/label.tsx
FN:25,(anonymous_0)
FN:53,(anonymous_1)
FN:55,(anonymous_2)
FN:15,(anonymous_0)
FNF:4
FNH:3
FNDA:330,(anonymous_0)
FNDA:22,(anonymous_1)
FNDA:0,(anonymous_2)
FNDA:2414,(anonymous_0)
DA:3,22
DA:6,22
DA:7,22
DA:8,0
DA:11,14
DA:12,22
DA:13,22
DA:14,22
DA:15,22
DA:16,2414
DA:21,22
DA:22,14
DA:24,22
DA:25,330
DA:42,22
DA:43,22
DA:46,22
DA:47,22
DA:48,22
DA:49,22
DA:50,22
DA:52,22
DA:53,22
DA:54,22
DA:55,22
DA:56,0
DA:57,0
DA:58,0
LF:28
LH:24
BRDA:3,0,0,22
BRDA:3,0,1,0
BRDA:6,1,0,22
BRDA:6,1,1,0
BRDA:6,2,0,22
BRDA:6,2,1,22
BRDA:7,3,0,0
BRDA:7,3,1,22
BRDA:48,4,0,22
BRDA:48,4,1,0
BRDA:48,5,0,22
BRDA:48,5,1,22
BRDA:52,6,0,22
BRDA:52,6,1,0
BRDA:52,7,0,22
BRDA:52,7,1,22
[...]
FNDA:408,(anonymous_26)
FNDA:0,(anonymous_27)
FNDA:22,(anonymous_28)
FNDA:22,(anonymous_29)
FNDA:408,(anonymous_30)
FNDA:0,(anonymous_31)
FNDA:62,(anonymous_32)
FNDA:0,(anonymous_33)
FNDA:142,(anonymous_34)
FNDA:0,(anonymous_35)
DA:3,22
DA:6,22
DA:7,22
DA:8,0
DA:12,22
DA:13,22
DA:14,22
DA:15,22
DA:17,22
DA:35,2
DA:43,2
DA:44,204
DA:45,204
DA:46,204
DA:47,204
DA:48,22
DA:49,204
DA:50,204
DA:51,204
DA:52,204
DA:53,204
DA:54,204
DA:55,204
DA:56,204
DA:57,204
DA:58,22
DA:59,204
DA:60,22
DA:61,22
DA:62,22
DA:63,22
DA:64,1
DA:66,10
DA:69,10
DA:70,1
DA:71,10
DA:72,10
DA:73,1
DA:74,4
DA:75,10
DA:76,432
DA:77,8
DA:78,8
DA:79,8
DA:80,8
DA:82,424
DA:84,0
DA:87,22
DA:88,2
DA:89,2
DA:90,1
DA:91,204
DA:92,16
DA:93,1
DA:94,16
DA:95,1
DA:96,16
DA:97,2
DA:98,1
DA:99,14
DA:100,14
DA:101,1
DA:102,14
DA:103,0
DA:104,0
DA:105,14
DA:106,2
DA:108,12
DA:109,1
DA:110,1
DA:112,0
DA:113,22
DA:114,4
DA:115,1
DA:117,0
DA:118,22
DA:119,1
DA:120,1
DA:122,22
DA:123,802
DA:124,326
DA:125,336
DA:126,79
DA:127,79
DA:128,79
DA:129,204
DA:130,4
DA:132,247
DA:134,22
DA:135,1036
DA:136,204
DA:137,460
DA:138,8
DA:139,460
DA:140,460
DA:141,374
DA:142,374
DA:143,12
DA:144,374
DA:145,12
DA:146,44
DA:147,44
DA:148,448
DA:150,8
DA:151,204
DA:152,476
DA:155,204
DA:156,44
DA:157,44
DA:158,44
DA:159,44
DA:160,44
DA:161,44
DA:162,44
DA:163,0
DA:164,44
DA:165,88
DA:166,88
DA:167,8
DA:168,8
DA:169,44
DA:171,0
DA:175,204
DA:177,4
DA:180,4
DA:181,4
DA:182,44
DA:185,204
DA:186,0
DA:190,0
DA:194,204
DA:195,44
DA:196,44
DA:198,44
DA:199,0
DA:202,44
DA:211,88
DA:212,2
DA:214,22
DA:215,1
DA:216,1
DA:217,1
DA:224,1
DA:225,1
DA:227,204
DA:229,138
DA:232,204
DA:233,28
DA:234,44
DA:235,22
DA:237,0
DA:243,2
DA:244,2
DA:249,2
DA:254,368
DA:257,408
DA:259,204
DA:263,0
DA:266,0
DA:271,0
DA:277,22
DA:280,22
DA:335,408
DA:346,0
DA:372,62
DA:381,0
DA:404,44
DA:417,0
DA:418,142
DA:469,0
DA:480,16
DA:489,910
DA:560,6
DA:654,0
DA:752,22
DA:753,2
DA:755,22
DA:758,22
DA:759,22
DA:760,22
DA:761,22
DA:763,22
DA:764,22
DA:765,22
DA:766,22
DA:767,0
DA:768,0
DA:769,0
LF:188
LH:165
BRDA:3,0,0,22
BRDA:3,0,1,0
BRDA:6,1,0,22
BRDA:6,1,1,0
BRDA:6,2,0,22
BRDA:6,2,1,22
BRDA:7,3,0,0
BRDA:7,3,1,22
BRDA:70,4,0,1
BRDA:70,4,1,0
BRDA:70,5,0,1
BRDA:70,5,1,1
BRDA:74,6,0,1
BRDA:74,6,1,3
BRDA:88,7,0,0
BRDA:88,7,1,2
BRDA:88,8,0,2
BRDA:88,8,1,2
BRDA:90,9,0,0
BRDA:90,9,1,1
BRDA:95,10,0,0
BRDA:95,10,1,1
BRDA:98,11,0,0
BRDA:98,11,1,1
BRDA:114,12,0,1
BRDA:114,12,1,3
BRDA:114,13,0,4
BRDA:114,13,1,2
BRDA:119,14,0,0
BRDA:119,14,1,1
BRDA:123,15,0,476
BRDA:123,15,1,326
BRDA:128,16,0,79
BRDA:128,16,1,0
BRDA:135,17,0,1036
BRDA:135,17,1,798
BRDA:138,18,0,8
BRDA:138,18,1,0
BRDA:157,19,0,1
BRDA:157,19,1,0
BRDA:163,20,0,0
BRDA:163,20,1,0
BRDA:165,21,0,4
BRDA:166,22,0,0
BRDA:166,22,1,8
BRDA:168,23,0,0
BRDA:168,23,1,8
BRDA:176,24,0,8
BRDA:176,24,1,4
BRDA:181,25,0,4
BRDA:181,25,1,4
BRDA:185,26,0,0
BRDA:185,26,1,44
BRDA:185,27,0,44
BRDA:185,27,1,0
BRDA:186,28,0,22
BRDA:186,28,1,22
BRDA:187,29,0,22
BRDA:187,29,1,22
BRDA:216,30,0,1
BRDA:216,30,1,0
BRDA:216,31,0,1
BRDA:216,31,1,1
BRDA:216,31,2,1
BRDA:246,32,0,22
BRDA:246,32,1,6
BRDA:347,33,0,22
BRDA:347,33,1,0
BRDA:411,34,0,28
BRDA:411,34,1,16
BRDA:412,35,0,22
BRDA:412,35,1,22
BRDA:439,36,0,44
BRDA:439,36,1,22
BRDA:460,37,0,16
BRDA:460,37,1,6
BRDA:465,38,0,6
BRDA:465,38,1,16
BRDA:505,39,0,4
BRDA:505,39,1,12
BRDA:531,40,0,16
BRDA:531,40,1,4
BRDA:561,41,0,6
BRDA:561,41,1,6
BRDA:561,41,2,6
BRDA:598,42,0,6
BRDA:598,42,1,6
BRDA:628,43,0,22
BRDA:628,43,1,6
BRDA:650,44,0,22
BRDA:650,44,1,16
BRDA:650,44,2,0
BRDA:678,45,0,22
BRDA:678,45,1,6
BRDA:759,46,0,22
BRDA:759,46,1,0
BRDA:759,47,0,22
BRDA:759,47,1,22
BRDA:763,48,0,22
BRDA:763,48,1,0
BRDA:763,49,0,22
BRDA:763,49,1,22
BRDA:767,50,0,0
BRDA:767,50,1,0
BRDA:769,51,0,0
BRDA:769,51,1,0
BRDA:69,52,0,10
BRDA:69,52,1,0
BRDA:69,53,0,10
BRDA:69,53,1,10
BRDA:76,54,0,8
BRDA:76,54,1,424
BRDA:92,55,0,0
BRDA:92,55,1,16
BRDA:92,56,0,16
BRDA:92,56,1,17
BRDA:96,57,0,2
BRDA:96,57,1,14
BRDA:102,58,0,0
BRDA:102,58,1,14
BRDA:105,59,0,2
BRDA:105,59,1,12
BRDA:124,60,0,10
BRDA:124,60,1,18
BRDA:124,61,0,28
BRDA:124,61,1,12
BRDA:130,62,0,0
BRDA:130,62,1,4
BRDA:137,63,0,0
BRDA:137,63,1,460
BRDA:144,64,0,12
BRDA:144,64,1,362
BRDA:152,65,0,476
BRDA:152,65,1,28
BRDA:156,66,0,44
BRDA:156,66,1,0
BRDA:180,67,0,4
BRDA:180,67,1,0
BRDA:190,68,0,0
BRDA:190,68,1,0
BRDA:194,69,0,22
BRDA:195,70,0,0
BRDA:195,70,1,44
BRDA:198,71,0,0
BRDA:198,71,1,44
BRDA:204,72,0,44
BRDA:204,72,1,22
BRDA:209,73,0,22
BRDA:209,73,1,22
BRDA:213,74,0,0
BRDA:213,74,1,88
BRDA:213,75,0,88
BRDA:213,75,1,0
BRDA:214,76,0,44
BRDA:214,76,1,44
BRDA:215,77,0,44
BRDA:215,77,1,44
BRDA:234,78,0,4
BRDA:234,78,1,8
BRDA:234,79,0,12
BRDA:234,79,1,12
BRDA:234,79,2,4
BRDA:267,80,0,204
BRDA:267,80,1,18
BRDA:315,81,0,204
BRDA:315,81,1,0
BRDA:340,82,0,346
BRDA:340,82,1,62
BRDA:341,83,0,204
BRDA:341,83,1,204
BRDA:352,84,0,408
BRDA:352,84,1,204
BRDA:365,85,0,62
BRDA:365,85,1,142
BRDA:366,86,0,142
BRDA:366,86,1,62
BRDA:388,87,0,22
BRDA:388,87,1,40
BRDA:403,88,0,62
BRDA:403,88,1,22
BRDA:419,89,0,142
BRDA:419,89,1,142
BRDA:419,89,2,142
BRDA:434,90,0,142
BRDA:434,90,1,142
BRDA:451,91,0,204
BRDA:451,91,1,142
BRDA:465,92,0,204
BRDA:465,92,1,62
BRDA:465,92,2,0
BRDA:477,93,0,204
BRDA:477,93,1,142
BRF:192
BRH:150
end_of_record
TN:
SF:src/pages/CalendarInt.tsx
FN:23,(anonymous_0)
FN:44,(anonymous_1)
FN:64,(anonymous_2)
FN:76,(anonymous_3)
FN:78,(anonymous_4)
FN:7,(anonymous_0)
FN:22,(anonymous_1)
FNF:7
FNH:5
FNDA:4,(anonymous_0)
FNDA:0,(anonymous_1)
FNDA:2,(anonymous_2)
FNDA:21,(anonymous_3)
FNDA:0,(anonymous_4)
FNDA:14,(anonymous_0)
FNDA:2,(anonymous_1)
DA:3,22
DA:6,22
DA:7,22
DA:8,14
DA:9,14
DA:11,14
DA:12,22
DA:13,22
DA:14,22
DA:15,22
DA:17,22
DA:22,2
DA:23,22
DA:24,4
DA:25,4
DA:26,4
DA:27,4
DA:44,0
DA:64,22
DA:65,2
DA:67,22
DA:70,22
DA:71,22
DA:72,22
DA:73,22
DA:75,22
DA:76,22
DA:77,21
DA:78,21
DA:79,0
DA:80,0
DA:81,0
LF:32
LH:28
BRDA:3,0,0,22
BRDA:3,0,1,0
BRDA:6,1,0,22
BRDA:6,1,1,0
BRDA:6,2,0,22
BRDA:6,2,1,22
BRDA:7,3,0,0
BRDA:7,3,1,22
BRDA:71,4,0,22
BRDA:71,4,1,0
BRDA:71,5,0,22
BRDA:71,5,1,22
BRDA:75,6,0,22
BRDA:75,6,1,0
BRDA:75,7,0,22
BRDA:75,7,1,22
BRDA:79,8,0,0
BRDA:79,8,1,0
BRDA:81,9,0,0
BRDA:81,9,1,0
BRF:20
BRH:11
end_of_record
TN:
SF:src/pages/EditEvent.tsx
FN:28,(anonymous_0)
FN:34,(anonymous_1)
FN:35,(anonymous_2)
FN:45,(anonymous_3)
FN:46,(anonymous_4)
FN:54,(anonymous_5)
FN:110,(anonymous_6)
FN:122,(anonymous_7)
FN:124,(anonymous_8)
FN:19,(anonymous_0)
FN:25,(anonymous_1)
FN:26,(anonymous_2)
FN:37,(anonymous_3)
FN:39,(anonymous_4)
FN:48,(anonymous_5)
FNF:15
FNH:11
FNDA:4,(anonymous_0)
FNDA:2,(anonymous_1)
FNDA:2,(anonymous_2)
FNDA:0,(anonymous_3)
FNDA:0,(anonymous_4)
FNDA:0,(anonymous_5)
FNDA:1,(anonymous_6)
FNDA:21,(anonymous_7)
FNDA:0,(anonymous_8)
FNDA:18,(anonymous_0)
FNDA:10,(anonymous_1)
FNDA:10,(anonymous_2)
FNDA:6,(anonymous_3)
FNDA:8,(anonymous_4)
FNDA:2,(anonymous_5)
DA:3,22
DA:6,22
DA:7,22
DA:8,0
DA:12,22
DA:13,22
DA:14,22
DA:15,22
DA:17,22
DA:19,2
DA:20,18
DA:21,18
DA:22,18
DA:23,18
DA:25,18
DA:26,10
DA:27,10
DA:28,22
DA:29,4
DA:30,4
DA:31,8
DA:32,8
DA:33,4
DA:34,4
DA:35,2
DA:36,2
DA:37,18
DA:38,6
DA:40,4
DA:41,2
DA:42,2
DA:44,2
DA:45,4
DA:46,0
DA:47,0
DA:48,0
DA:49,2
DA:50,2
DA:51,0
DA:52,0
DA:54,18
DA:55,18
DA:56,0
DA:59,4
DA:60,4
DA:110,22
DA:111,1
DA:113,22
DA:116,22
DA:117,22
DA:118,22
DA:119,22
DA:121,22
DA:122,22
DA:123,21
DA:124,21
DA:125,0
DA:126,0
DA:127,0
LF:59
LH:49
BRDA:3,0,0,22
BRDA:3,0,1,0
BRDA:6,1,0,22
BRDA:6,1,1,0
BRDA:6,2,0,22
BRDA:6,2,1,22
BRDA:7,3,0,0
BRDA:7,3,1,22
BRDA:36,4,0,0
BRDA:36,4,1,2
BRDA:47,5,0,0
BRDA:47,5,1,0
BRDA:79,6,0,4
BRDA:79,6,1,0
BRDA:117,7,0,22
BRDA:117,7,1,0
BRDA:117,8,0,22
BRDA:117,8,1,22
BRDA:121,9,0,22
BRDA:121,9,1,0
BRDA:121,10,0,22
BRDA:121,10,1,22
BRDA:125,11,0,0
BRDA:125,11,1,0
BRDA:127,12,0,0
BRDA:127,12,1,0
BRDA:27,13,0,2
BRDA:27,13,1,8
BRDA:40,14,0,2
BRDA:40,14,1,2
BRDA:68,15,0,18
BRDA:68,15,1,0
BRF:32
BRH:18
end_of_record
TN:
SF:src/pages/Finished.tsx
FN:20,(anonymous_0)
FN:68,(anonymous_1)
FN:80,(anonymous_2)
FN:82,(anonymous_3)
FN:8,(anonymous_0)
FNF:5
FNH:3
FNDA:2,(anonymous_0)
FNDA:1,(anonymous_1)
FNDA:22,(anonymous_2)
FNDA:0,(anonymous_3)
FNDA:0,(anonymous_0)
DA:3,22
DA:6,22
DA:7,22
DA:8,0
DA:9,0
DA:10,0
DA:11,0
DA:12,22
DA:13,22
DA:14,22
DA:15,22
DA:16,0
DA:17,22
DA:20,22
DA:21,2
DA:22,2
DA:23,2
DA:24,2
DA:25,2
DA:26,2
DA:27,2
DA:28,2
DA:68,22
DA:69,1
DA:71,22
DA:74,22
DA:75,22
DA:76,22
DA:77,22
DA:79,22
DA:80,22
DA:81,22
DA:82,22
DA:83,0
DA:84,0
DA:85,0
LF:36
LH:28
BRDA:3,0,0,22
BRDA:3,0,1,0
BRDA:6,1,0,22
BRDA:6,1,1,0
BRDA:6,2,0,22
BRDA:6,2,1,22
BRDA:7,3,0,0
BRDA:7,3,1,22
BRDA:75,4,0,22
BRDA:75,4,1,0
BRDA:75,5,0,22
BRDA:75,5,1,22
BRDA:79,6,0,22
BRDA:79,6,1,0
BRDA:79,7,0,22
BRDA:79,7,1,22
BRDA:83,8,0,0
BRDA:83,8,1,0
BRDA:85,9,0,0
BRDA:85,9,1,0
BRF:20
BRH:11
end_of_record
TN:
SF:src/pages/Landing.tsx
FN:23,(anonymous_0)
FN:290,(anonymous_1)
FN:302,(anonymous_2)
FN:304,(anonymous_3)
FN:8,(anonymous_0)
FNF:5
FNH:4
FNDA:16,(anonymous_0)
FNDA:7,(anonymous_1)
FNDA:21,(anonymous_2)
FNDA:0,(anonymous_3)
FNDA:4,(anonymous_0)
DA:3,22
DA:6,22
DA:7,22
DA:8,2
DA:9,4
DA:10,4
DA:12,22
DA:13,22
DA:14,22
DA:15,22
DA:16,4
DA:17,22
DA:23,22
DA:24,16
DA:25,16
DA:26,16
DA:27,16
DA:28,2
DA:34,14
DA:290,22
DA:291,7
DA:293,22
DA:296,22
DA:297,22
DA:298,22
DA:299,22
DA:301,22
DA:302,22
DA:303,21
DA:304,21
DA:305,0
DA:306,0
DA:307,0
LF:33
LH:30
BRDA:3,0,0,22
BRDA:3,0,1,0
BRDA:6,1,0,22
BRDA:6,1,1,0
BRDA:6,2,0,22
BRDA:6,2,1,22
BRDA:7,3,0,0
BRDA:7,3,1,22
BRDA:27,4,0,2
BRDA:27,4,1,14
BRDA:297,5,0,22
BRDA:297,5,1,0
BRDA:297,6,0,22
BRDA:297,6,1,22
BRDA:301,7,0,22
BRDA:301,7,1,0
BRDA:301,8,0,22
BRDA:301,8,1,22
BRDA:305,9,0,0
BRDA:305,9,1,0
BRDA:307,10,0,0
BRDA:307,10,1,0
BRDA:12,11,0,0
BRDA:12,11,1,4
BRF:24
BRH:14
end_of_record
TN:
SF:src/pages/Legal.tsx
FN:28,(anonymous_0)
FN:34,(anonymous_1)
FN:56,(anonymous_2)
FN:73,(anonymous_3)
FN:90,(anonymous_4)
FN:181,(anonymous_5)
FN:193,(anonymous_6)
FN:195,(anonymous_7)
FN:12,(anonymous_0)
FN:18,(anonymous_1)
FN:37,(anonymous_2)
FN:44,(anonymous_3)
FN:51,(anonymous_4)
FNF:13
FNH:9
FNDA:12,(anonymous_0)
FNDA:5,(anonymous_1)
FNDA:0,(anonymous_2)
FNDA:0,(anonymous_3)
FNDA:0,(anonymous_4)
FNDA:4,(anonymous_5)
FNDA:21,(anonymous_6)
FNDA:0,(anonymous_7)
FNDA:42,(anonymous_0)
FNDA:22,(anonymous_1)
FNDA:2,(anonymous_2)
FNDA:4,(anonymous_3)
FNDA:10,(anonymous_4)
DA:3,22
DA:6,22
DA:7,22
DA:8,0
DA:12,22
DA:13,42
DA:14,42
DA:15,42
DA:16,42
DA:17,22
DA:18,42
DA:19,22
DA:20,2
DA:21,20
DA:22,2
DA:23,18
DA:24,2
DA:28,42
DA:29,12
DA:30,12
DA:31,12
DA:32,12
DA:33,12
DA:34,12
DA:35,5
DA:36,1
DA:37,4
DA:38,1
DA:39,3
DA:40,0
DA:43,12
DA:44,4
DA:51,10
DA:56,0
DA:73,0
DA:90,0
DA:181,22
DA:182,4
DA:184,22
DA:187,22
DA:188,22
DA:189,22
DA:190,22
DA:192,22
DA:193,22
DA:194,21
DA:195,21
DA:196,0
DA:197,0
DA:198,0
LF:50
LH:42
BRDA:3,0,0,22
BRDA:3,0,1,0
BRDA:6,1,0,22
BRDA:6,1,1,0
BRDA:6,2,0,22
BRDA:6,2,1,22
BRDA:7,3,0,0
BRDA:7,3,1,22
BRDA:35,4,0,1
BRDA:35,4,1,4
BRDA:37,5,0,1
BRDA:37,5,1,3
BRDA:39,6,0,0
BRDA:39,6,1,3
BRDA:55,7,0,8
BRDA:55,7,1,4
BRDA:72,8,0,2
BRDA:72,8,1,10
BRDA:89,9,0,2
BRDA:89,9,1,10
BRDA:108,10,0,12
BRDA:108,10,1,8
BRDA:124,11,0,12
BRDA:124,11,1,2
BRDA:140,12,0,12
BRDA:140,12,1,2
BRDA:141,13,0,0
BRDA:141,13,1,2
BRDA:188,14,0,22
BRDA:188,14,1,0
BRDA:188,15,0,22
BRDA:188,15,1,22
BRDA:192,16,0,22
BRDA:192,16,1,0
BRDA:192,17,0,22
BRDA:192,17,1,22
BRDA:196,18,0,0
BRDA:196,18,1,0
BRDA:198,19,0,0
BRDA:198,19,1,0
BRDA:19,20,0,2
BRDA:19,20,1,20
BRDA:21,21,0,2
BRDA:21,21,1,18
BRDA:23,22,0,2
BRDA:23,22,1,16
BRDA:36,23,0,25
BRDA:36,23,1,22
BRDA:43,24,0,6
BRDA:43,24,1,36
BRDA:50,25,0,12
BRDA:50,25,1,30
BRDA:58,26,0,42
BRDA:58,26,1,24
BRDA:64,27,0,42
BRDA:64,27,1,6
BRDA:70,28,0,42
BRDA:70,28,1,12
BRDA:72,29,0,6
BRDA:72,29,1,18
BRF:60
BRH:49
end_of_record
TN:
SF:src/pages/Login.tsx
FN:26,(anonymous_0)
FN:33,(anonymous_1)
FN:36,(anonymous_2)
FN:39,(anonymous_3)
FN:40,(anonymous_4)
FN:50,(anonymous_5)
FN:62,(anonymous_6)
FN:63,(anonymous_7)
FN:65,(anonymous_8)
FN:169,(anonymous_9)
FN:268,(anonymous_10)
FN:280,(anonymous_11)
FN:282,(anonymous_12)
FN:10,(anonymous_0)
FN:17,(anonymous_1)
FN:18,(anonymous_2)
FN:22,(anonymous_3)
FN:23,(anonymous_4)
FN:34,(anonymous_5)
FN:48,(anonymous_6)
FN:50,(anonymous_7)
FN:53,(anonymous_8)
FN:103,(anonymous_9)
FNF:23
FNH:14
FNDA:10,(anonymous_0)
FNDA:0,(anonymous_1)
FNDA:0,(anonymous_2)
FNDA:4,(anonymous_3)
FNDA:4,(anonymous_4)
FNDA:0,(anonymous_5)
FNDA:0,(anonymous_6)
FNDA:0,(anonymous_7)
FNDA:0,(anonymous_8)
FNDA:0,(anonymous_9)
FNDA:3,(anonymous_10)
FNDA:22,(anonymous_11)
FNDA:0,(anonymous_12)
FNDA:44,(anonymous_0)
FNDA:8,(anonymous_1)
FNDA:0,(anonymous_2)
FNDA:22,(anonymous_3)
FNDA:22,(anonymous_4)
FNDA:8,(anonymous_5)
FNDA:4,(anonymous_6)
FNDA:12,(anonymous_7)
FNDA:2,(anonymous_8)
FNDA:18,(anonymous_9)
DA:3,22
DA:6,22
DA:7,22
DA:8,0
DA:10,4
DA:11,44
DA:12,44
DA:13,44
DA:14,44
DA:15,22
DA:16,44
DA:17,22
DA:18,0
DA:22,44
DA:23,22
DA:24,22
DA:25,22
DA:26,22
DA:27,10
DA:28,10
DA:29,10
DA:30,10
DA:31,22
DA:32,10
DA:34,44
DA:35,8
DA:36,8
DA:37,8
DA:38,4
DA:39,10
DA:40,4
DA:41,4
DA:42,4
DA:43,4
DA:44,4
DA:45,1
DA:48,44
DA:49,4
DA:50,10
DA:51,2
DA:52,0
DA:53,0
DA:54,2
DA:55,2
DA:56,0
DA:58,0
DA:59,44
DA:62,10
DA:63,0
DA:64,0
DA:66,0
DA:67,0
DA:70,10
DA:103,18
DA:169,0
DA:268,22
DA:269,3
DA:271,22
DA:274,22
DA:275,22
DA:276,22
DA:277,22
DA:279,22
DA:280,22
DA:281,22
DA:282,22
DA:283,0
DA:284,0
DA:285,0
LF:69
LH:55
BRDA:3,0,0,22
BRDA:3,0,1,0
BRDA:6,1,0,22
BRDA:6,1,1,0
BRDA:6,2,0,22
BRDA:6,2,1,22
BRDA:7,3,0,0
BRDA:7,3,1,22
BRDA:59,4,0,0
BRDA:59,4,1,0
BRDA:64,5,0,0
BRDA:64,5,1,0
BRDA:104,6,0,10
BRDA:104,6,1,0
BRDA:105,7,0,0
BRDA:105,7,1,0
BRDA:132,8,0,0
BRDA:132,8,1,0
BRDA:148,9,0,10
BRDA:148,9,1,0
BRDA:148,9,2,0
BRDA:169,10,0,10
BRDA:169,10,1,2
BRDA:275,11,0,22
BRDA:275,11,1,0
BRDA:275,12,0,22
BRDA:275,12,1,22
BRDA:279,13,0,22
BRDA:279,13,1,0
BRDA:279,14,0,22
BRDA:279,14,1,22
BRDA:283,15,0,0
BRDA:283,15,1,0
BRDA:285,16,0,0
BRDA:285,16,1,0
BRDA:44,17,0,4
BRDA:44,17,1,0
BRDA:51,18,0,2
BRDA:51,18,1,0
BRDA:75,19,0,44
BRDA:75,19,1,8
BRDA:78,20,0,0
BRDA:78,20,1,8
BRDA:88,21,0,8
BRDA:88,21,1,4
BRDA:94,22,0,44
BRDA:94,22,1,8
BRDA:94,22,2,0
BRDA:102,23,0,44
BRDA:102,23,1,12
BRF:50
BRH:26
end_of_record
TN:
SF:src/pages/NotFound.tsx
FN:21,(anonymous_0)
FN:50,(anonymous_1)
FN:62,(anonymous_2)
FN:64,(anonymous_3)
FN:7,(anonymous_0)
FNF:5
FNH:1
FNDA:0,(anonymous_0)
FNDA:0,(anonymous_1)
FNDA:22,(anonymous_2)
FNDA:0,(anonymous_3)
FNDA:0,(anonymous_0)
DA:3,22
DA:6,22
DA:7,22
DA:8,0
DA:9,0
DA:12,22
DA:13,22
DA:14,22
DA:15,22
DA:17,22
DA:21,22
DA:22,0
DA:23,0
DA:24,0
DA:50,22
DA:51,0
DA:53,22
DA:56,22
DA:57,22
DA:58,22
DA:59,22
DA:61,22
DA:62,22
DA:63,22
DA:64,22
DA:65,0
DA:66,0
DA:67,0
LF:28
LH:19
BRDA:3,0,0,22
BRDA:3,0,1,0
BRDA:6,1,0,22
BRDA:6,1,1,0
BRDA:6,2,0,22
BRDA:6,2,1,22
BRDA:7,3,0,0
BRDA:7,3,1,22
BRDA:57,4,0,22
BRDA:57,4,1,0
BRDA:57,5,0,22
BRDA:57,5,1,22
BRDA:61,6,0,22
BRDA:61,6,1,0
BRDA:61,7,0,22
BRDA:61,7,1,22
BRDA:65,8,0,0
BRDA:65,8,1,0
BRDA:67,9,0,0
BRDA:67,9,1,0
BRF:20
BRH:11
end_of_record
TN:
SF:src/pages/OidcCallback.tsx
FN:24,(anonymous_0)
FN:31,(anonymous_1)
FN:41,(anonymous_2)
FN:43,(anonymous_3)
FN:50,(anonymous_4)
FN:51,(anonymous_5)
FN:53,(anonymous_6)
FN:69,(anonymous_7)
FN:81,(anonymous_8)
FN:83,(anonymous_9)
FN:8,(anonymous_0)
FN:15,(anonymous_1)
FN:27,(anonymous_2)
FN:30,(anonymous_3)
FN:38,(anonymous_4)
FN:39,(anonymous_5)
FN:41,(anonymous_6)
FNF:17
FNH:9
FNDA:0,(anonymous_0)
FNDA:0,(anonymous_1)
FNDA:30,(anonymous_2)
FNDA:30,(anonymous_3)
FNDA:0,(anonymous_4)
FNDA:0,(anonymous_5)
FNDA:0,(anonymous_6)
FNDA:0,(anonymous_7)
FNDA:22,(anonymous_8)
FNDA:0,(anonymous_9)
FNDA:30,(anonymous_0)
FNDA:30,(anonymous_1)
FNDA:14,(anonymous_2)
FNDA:14,(anonymous_3)
FNDA:12,(anonymous_4)
FNDA:10,(anonymous_5)
FNDA:0,(anonymous_6)
DA:3,22
DA:6,22
DA:7,22
DA:8,2
DA:9,30
DA:10,30
DA:11,30
DA:12,30
DA:13,30
DA:14,22
DA:15,30
DA:16,30
DA:17,28
DA:19,28
DA:20,28
DA:21,4
DA:22,4
DA:23,4
DA:24,22
DA:25,0
DA:26,24
DA:27,0
DA:28,14
DA:29,0
DA:30,36
DA:31,0
DA:32,12
DA:33,12
DA:34,12
DA:35,0
DA:36,0
DA:37,0
DA:38,12
DA:40,10
DA:41,10
DA:42,10
DA:43,0
DA:44,0
DA:45,0
DA:46,0
DA:49,30
DA:50,0
DA:52,0
DA:53,0
DA:54,0
DA:59,0
DA:69,22
DA:70,0
DA:72,22
DA:75,22
DA:76,22
DA:77,22
DA:78,22
DA:80,22
DA:81,22
DA:82,22
DA:83,22
DA:84,0
DA:85,0
DA:86,0
LF:60
LH:40
BRDA:3,0,0,22
BRDA:3,0,1,0
BRDA:6,1,0,22
BRDA:6,1,1,0
BRDA:6,2,0,22
BRDA:6,2,1,22
BRDA:7,3,0,0
BRDA:7,3,1,22
BRDA:32,4,0,0
BRDA:32,4,1,0
BRDA:35,5,0,0
BRDA:35,5,1,0
BRDA:54,6,0,0
BRDA:54,6,1,0
BRDA:76,7,0,22
BRDA:76,7,1,0
BRDA:76,8,0,22
BRDA:76,8,1,22
BRDA:80,9,0,22
BRDA:80,9,1,0
BRDA:80,10,0,22
BRDA:80,10,1,22
BRDA:84,11,0,0
BRDA:84,11,1,0
BRDA:86,12,0,0
BRDA:86,12,1,0
BRDA:16,13,0,2
BRDA:16,13,1,28
BRDA:20,14,0,4
BRDA:20,14,1,24
BRDA:42,15,0,10
BRDA:42,15,1,6
BRF:32
BRH:17
end_of_record
TN:
SF:src/pages/Planning.tsx
FN:27,(anonymous_0)
FN:39,(anonymous_1)
FN:40,(anonymous_2)
FN:45,(anonymous_3)
FN:47,(anonymous_4)
FN:52,(anonymous_5)
FN:57,(anonymous_6)
FN:62,(anonymous_7)
FN:64,(anonymous_8)
FN:66,(anonymous_9)
FN:72,(anonymous_10)
FN:74,(anonymous_11)
FN:132,(anonymous_12)
FN:146,(anonymous_13)
FN:150,(anonymous_14)
FN:175,(anonymous_15)
FN:207,(anonymous_16)
FN:262,(anonymous_17)
FN:274,(anonymous_18)
FN:276,(anonymous_19)
FN:15,(anonymous_0)
FN:29,(anonymous_1)
FN:31,(anonymous_2)
FN:37,(anonymous_3)
FN:40,(anonymous_4)
FN:46,(anonymous_5)
FN:52,(anonymous_6)
FN:59,(anonymous_7)
FN:61,(anonymous_8)
FN:63,(anonymous_9)
FN:70,(anonymous_10)
FN:72,(anonymous_11)
FN:111,(anonymous_12)
FN:119,(anonymous_13)
FN:123,(anonymous_14)
FN:138,(anonymous_15)
FN:160,(anonymous_16)
FNF:37
FNH:29
FNDA:14,(anonymous_0)
FNDA:3,(anonymous_1)
FNDA:2,(anonymous_2)
FNDA:8,(anonymous_3)
FNDA:0,(anonymous_4)
FNDA:1,(anonymous_5)
FNDA:0,(anonymous_6)
FNDA:10,(anonymous_7)
FNDA:14,(anonymous_8)
FNDA:12,(anonymous_9)
FNDA:10,(anonymous_10)
FNDA:0,(anonymous_11)
FNDA:0,(anonymous_12)
FNDA:0,(anonymous_13)
FNDA:0,(anonymous_14)
FNDA:2,(anonymous_15)
FNDA:98,(anonymous_16)
FNDA:3,(anonymous_17)
FNDA:21,(anonymous_18)
FNDA:0,(anonymous_19)
FNDA:16,(anonymous_0)
FNDA:20,(anonymous_1)
FNDA:20,(anonymous_2)
FNDA:20,(anonymous_3)
FNDA:3,(anonymous_4)
FNDA:2,(anonymous_5)
FNDA:0,(anonymous_6)
FNDA:26,(anonymous_7)
FNDA:32,(anonymous_8)
FNDA:18,(anonymous_9)
FNDA:30,(anonymous_10)
FNDA:20,(anonymous_11)
FNDA:2,(anonymous_12)
FNDA:16,(anonymous_13)
FNDA:2,(anonymous_14)
FNDA:26,(anonymous_15)
FNDA:112,(anonymous_16)
DA:3,22
DA:6,22
DA:7,22
DA:8,0
DA:12,22
DA:13,22
DA:14,22
DA:15,22
DA:16,16
DA:17,22
DA:19,16
DA:20,16
DA:26,16
DA:27,22
DA:28,14
DA:29,16
DA:30,14
DA:31,14
DA:32,14
DA:33,0
DA:35,6
DA:36,6
DA:37,14
DA:38,14
DA:39,14
DA:40,3
DA:41,2
DA:42,0
DA:44,2
DA:45,2
DA:46,2
DA:47,0
DA:48,0
DA:49,0
DA:52,16
DA:53,1
DA:54,1
DA:57,14
DA:58,0
DA:59,16
DA:60,12
DA:61,12
DA:62,18
DA:63,22
DA:64,10
DA:65,2
DA:66,12
DA:67,12
DA:69,10
DA:70,16
DA:71,16
DA:72,20
DA:73,10
DA:74,0
DA:75,16
DA:76,14
DA:111,2
DA:120,16
DA:123,2
DA:132,0
DA:139,26
DA:146,0
DA:150,0
DA:160,112
DA:175,2
DA:207,98
DA:262,22
DA:263,3
DA:265,22
DA:268,22
DA:269,22
DA:270,22
DA:271,22
DA:273,22
DA:274,22
DA:275,21
DA:276,21
DA:277,0
DA:278,0
DA:279,0
LF:80
LH:66
BRDA:3,0,0,22
BRDA:3,0,1,0
BRDA:6,1,0,22
BRDA:6,1,1,0
BRDA:6,2,0,22
BRDA:6,2,1,22
BRDA:7,3,0,0
BRDA:7,3,1,22
BRDA:41,4,0,0
BRDA:41,4,1,2
BRDA:65,5,0,0
BRDA:65,5,1,2
BRDA:65,6,0,2
BRDA:65,6,1,0
BRDA:73,7,0,10
BRDA:73,7,1,0
BRDA:79,8,0,14
BRDA:79,8,1,8
BRDA:111,9,0,14
BRDA:111,9,1,6
BRDA:121,10,0,14
BRDA:121,10,1,0
BRDA:133,11,0,0
BRDA:133,11,1,0
BRDA:151,12,0,0
BRDA:151,12,1,0
BRDA:183,13,0,2
BRDA:183,13,1,0
BRDA:197,14,0,14
BRDA:197,14,1,12
BRDA:269,15,0,22
BRDA:269,15,1,0
BRDA:269,16,0,22
BRDA:269,16,1,22
BRDA:273,17,0,22
BRDA:273,17,1,0
BRDA:273,18,0,22
BRDA:273,18,1,22
BRDA:277,19,0,0
BRDA:277,19,1,0
BRDA:279,20,0,0
BRDA:279,20,1,0
BRDA:32,21,0,0
BRDA:32,21,1,6
BRDA:62,22,0,14
BRDA:62,22,1,4
BRDA:62,23,0,18
BRDA:62,23,1,14
BRDA:71,24,0,14
BRDA:71,24,1,2
BRDA:81,25,0,16
BRDA:81,25,1,10
BRDA:98,26,0,16
BRDA:98,26,1,6
BRDA:103,27,0,16
BRDA:103,27,1,8
BRDA:112,28,0,6
BRDA:112,28,1,2
BRDA:124,29,0,2
BRDA:124,29,1,14
BRDA:140,30,0,26
BRDA:140,30,1,0
BRDA:149,31,0,16
BRDA:149,31,1,6
BRF:64
BRH:43
end_of_record
