<?xml version="1.0" encoding="UTF-8" ?>
<testsuites name="vitest tests" tests="61" failures="0" errors="0" time="0.082521711">
    <testsuite name="src/i18n/index.spec.ts" timestamp="2025-12-27T12:14:27.603Z" hostname="kicl-login1" tests="11" failures="0" errors="0" skipped="0" time="0.015893684">
        <testcase classname="src/i18n/index.spec.ts" name="i18n index &gt; resources export &gt; should export resources object" time="0.001402442">
        </testcase>
        <testcase classname="src/i18n/index.spec.ts" name="i18n index &gt; resources export &gt; should contain English locale" time="0.000179787">
        </testcase>
        <testcase classname="src/i18n/index.spec.ts" name="i18n index &gt; resources export &gt; should contain German locale" time="0.000151618">
        </testcase>
        <testcase classname="src/i18n/index.spec.ts" name="i18n index &gt; resources export &gt; should have correct structure for English" time="0.000645552">
        </testcase>
        <testcase classname="src/i18n/index.spec.ts" name="i18n index &gt; resources export &gt; should have correct structure for German" time="0.000150928">
        </testcase>
        <testcase classname="src/i18n/index.spec.ts" name="i18n index &gt; resources export &gt; should contain all supported locales" time="0.001645118">
        </testcase>
        <testcase classname="src/i18n/index.spec.ts" name="i18n index &gt; TypeScript types &gt; should allow valid ResourceKey values" time="0.000125138">
        </testcase>
        <testcase classname="src/i18n/index.spec.ts" name="i18n index &gt; TypeScript types &gt; should allow valid Language values" time="0.000111169">
        </testcase>
        <testcase classname="src/i18n/index.spec.ts" name="i18n index &gt; TypeScript types &gt; should have ResourceKey type matching en keys" time="0.005495428">
        </testcase>
        <testcase classname="src/i18n/index.spec.ts" name="i18n index &gt; locale consistency &gt; should have same number of keys in both locales" time="0.000184627">
        </testcase>
        <testcase classname="src/i18n/index.spec.ts" name="i18n index &gt; locale consistency &gt; should have matching keys between locales" time="0.003224439">
        </testcase>
    </testsuite>
    <testsuite name="src/test/freeBusy.spec.ts" timestamp="2025-12-27T12:14:27.606Z" hostname="kicl-login1" tests="29" failures="0" errors="0" skipped="0" time="0.015284502">
        <testcase classname="src/test/freeBusy.spec.ts" name="Test for issue with freeBusy &gt; intersection" time="0.002218302">
        </testcase>
        <testcase classname="src/test/freeBusy.spec.ts" name="Test for issue with freeBusy &gt; constructor with strings" time="0.001723058">
            <system-out>
IntervalSet(4) [
  { start: [35m2021-05-25T12:43:00.000Z[39m, end: [35m2021-05-26T11:00:00.000Z[39m },
  { start: [35m2021-05-26T13:30:00.000Z[39m, end: [35m2021-05-26T15:00:00.000Z[39m },
  { start: [35m2021-05-26T16:00:00.000Z[39m, end: [35m2021-05-26T16:30:00.000Z[39m },
  { start: [35m2021-05-26T17:00:00.000Z[39m, end: [35m2021-05-27T12:43:00.000Z[39m }
]

            </system-out>
        </testcase>
        <testcase classname="src/test/freeBusy.spec.ts" name="IntervalsSets &gt; constructor should create slots with length 1" time="0.000510693">
        </testcase>
        <testcase classname="src/test/freeBusy.spec.ts" name="IntervalsSets &gt; constructor should create slots with length 0" time="0.000175998">
        </testcase>
        <testcase classname="src/test/freeBusy.spec.ts" name="IntervalsSets &gt; constructor should create slots with length 2" time="0.000244837">
        </testcase>
        <testcase classname="src/test/freeBusy.spec.ts" name="IntervalsSets &gt; constructor should create slots with length 0" time="0.001014677">
        </testcase>
        <testcase classname="src/test/freeBusy.spec.ts" name="IntervalsSets &gt; constructor with 2 dates and 1 slots" time="0.00149288">
        </testcase>
        <testcase classname="src/test/freeBusy.spec.ts" name="IntervalsSets &gt; equals" time="0.000239967">
        </testcase>
        <testcase classname="src/test/freeBusy.spec.ts" name="IntervalsSets &gt; index" time="0.000292196">
        </testcase>
        <testcase classname="src/test/freeBusy.spec.ts" name="IntervalsSets &gt; iterator" time="0.000162087">
        </testcase>
        <testcase classname="src/test/freeBusy.spec.ts" name="IntervalsSets &gt; adding disjunct interval sets" time="0.000429175">
        </testcase>
        <testcase classname="src/test/freeBusy.spec.ts" name="IntervalsSets &gt; adding disjunct interval sets" time="0.000338685">
        </testcase>
        <testcase classname="src/test/freeBusy.spec.ts" name="IntervalsSets &gt; adding overlapping interval sets" time="0.000317416">
        </testcase>
        <testcase classname="src/test/freeBusy.spec.ts" name="IntervalsSets &gt; adding overlapping interval sets" time="0.000197707">
        </testcase>
        <testcase classname="src/test/freeBusy.spec.ts" name="IntervalsSets &gt; adding overlapping interval sets" time="0.000219067">
        </testcase>
        <testcase classname="src/test/freeBusy.spec.ts" name="IntervalsSets &gt; adding overlapping interval sets" time="0.000174308">
        </testcase>
        <testcase classname="src/test/freeBusy.spec.ts" name="IntervalsSets &gt; adding overlapping interval sets" time="0.000235047">
        </testcase>
        <testcase classname="src/test/freeBusy.spec.ts" name="IntervalsSets &gt; adding overlapping interval sets" time="0.000233557">
        </testcase>
        <testcase classname="src/test/freeBusy.spec.ts" name="IntervalsSets &gt; adding overlapping interval sets" time="0.000262326">
        </testcase>
        <testcase classname="src/test/freeBusy.spec.ts" name="IntervalsSets &gt; adding overlapping interval sets" time="0.000292756">
        </testcase>
        <testcase classname="src/test/freeBusy.spec.ts" name="IntervalsSets &gt; intersect interval sets" time="0.000286676">
        </testcase>
        <testcase classname="src/test/freeBusy.spec.ts" name="IntervalsSets &gt; intersect interval sets" time="0.000232247">
        </testcase>
        <testcase classname="src/test/freeBusy.spec.ts" name="IntervalsSets &gt; intersect interval sets" time="0.000203137">
        </testcase>
        <testcase classname="src/test/freeBusy.spec.ts" name="IntervalsSets &gt; intersect interval sets" time="0.000235807">
        </testcase>
        <testcase classname="src/test/freeBusy.spec.ts" name="IntervalsSets &gt; intersect interval sets" time="0.000353025">
        </testcase>
        <testcase classname="src/test/freeBusy.spec.ts" name="IntervalsSets &gt; intersect interval sets" time="0.000398965">
        </testcase>
        <testcase classname="src/test/freeBusy.spec.ts" name="IntervalsSets &gt; invert interval set" time="0.000267486">
        </testcase>
        <testcase classname="src/test/freeBusy.spec.ts" name="TimeRange &gt; constructor should create slots with length 1" time="0.000151788">
        </testcase>
        <testcase classname="src/test/freeBusy.spec.ts" name="TimeRange &gt; constructor should create slots with length 0" time="0.000245056">
        </testcase>
    </testsuite>
    <testsuite name="src/i18n/locales/de.spec.ts" timestamp="2025-12-27T12:14:27.610Z" hostname="kicl-login1" tests="11" failures="0" errors="0" skipped="0" time="0.029831323">
        <testcase classname="src/i18n/locales/de.spec.ts" name="German locale (de) &gt; should export a valid translation object" time="0.002898802">
        </testcase>
        <testcase classname="src/i18n/locales/de.spec.ts" name="German locale (de) &gt; should contain required basic translation keys" time="0.000487513">
        </testcase>
        <testcase classname="src/i18n/locales/de.spec.ts" name="German locale (de) &gt; should contain backend-specific translation keys" time="0.000447794">
        </testcase>
        <testcase classname="src/i18n/locales/de.spec.ts" name="German locale (de) &gt; should have valid dateFormat" time="0.000272956">
        </testcase>
        <testcase classname="src/i18n/locales/de.spec.ts" name="German locale (de) &gt; should have template placeholders in invitation subject" time="0.000432134">
        </testcase>
        <testcase classname="src/i18n/locales/de.spec.ts" name="German locale (de) &gt; should have template placeholders in invitation body" time="0.000371685">
        </testcase>
        <testcase classname="src/i18n/locales/de.spec.ts" name="German locale (de) &gt; should have template placeholders in icsDescription" time="0.000203497">
        </testcase>
        <testcase classname="src/i18n/locales/de.spec.ts" name="German locale (de) &gt; should contain event-related keys" time="0.000296576">
        </testcase>
        <testcase classname="src/i18n/locales/de.spec.ts" name="German locale (de) &gt; should not have empty string values" time="0.011482131">
        </testcase>
        <testcase classname="src/i18n/locales/de.spec.ts" name="German locale (de) &gt; should have all keys that English locale has" time="0.009875442">
        </testcase>
        <testcase classname="src/i18n/locales/de.spec.ts" name="German locale (de) &gt; should have German translations (not just English)" time="0.000178248">
        </testcase>
    </testsuite>
    <testsuite name="src/i18n/locales/en.spec.ts" timestamp="2025-12-27T12:14:27.611Z" hostname="kicl-login1" tests="10" failures="0" errors="0" skipped="0" time="0.021512202">
        <testcase classname="src/i18n/locales/en.spec.ts" name="English locale (en) &gt; should export a valid translation object" time="0.002368279">
        </testcase>
        <testcase classname="src/i18n/locales/en.spec.ts" name="English locale (en) &gt; should contain required basic translation keys" time="0.000501694">
        </testcase>
        <testcase classname="src/i18n/locales/en.spec.ts" name="English locale (en) &gt; should contain backend-specific translation keys" time="0.000403135">
        </testcase>
        <testcase classname="src/i18n/locales/en.spec.ts" name="English locale (en) &gt; should have valid dateFormat" time="0.000254967">
        </testcase>
        <testcase classname="src/i18n/locales/en.spec.ts" name="English locale (en) &gt; should have template placeholders in invitation subject" time="0.000591263">
        </testcase>
        <testcase classname="src/i18n/locales/en.spec.ts" name="English locale (en) &gt; should have template placeholders in invitation body" time="0.000375155">
        </testcase>
        <testcase classname="src/i18n/locales/en.spec.ts" name="English locale (en) &gt; should have template placeholders in icsDescription" time="0.000197158">
        </testcase>
        <testcase classname="src/i18n/locales/en.spec.ts" name="English locale (en) &gt; should contain event-related keys" time="0.000339996">
        </testcase>
        <testcase classname="src/i18n/locales/en.spec.ts" name="English locale (en) &gt; should contain form-related keys" time="0.000566562">
        </testcase>
        <testcase classname="src/i18n/locales/en.spec.ts" name="English locale (en) &gt; should not have empty string values" time="0.013606804">
        </testcase>
    </testsuite>
</testsuites>
